<?xml version="1.0" encoding="UTF-8"?>
<testsuite xmlns:xsi="http://www.w3.org/2001/XMLSchema-instance" xsi:noNamespaceSchemaLocation="https://maven.apache.org/surefire/maven-surefire-plugin/xsd/surefire-test-report-3.0.xsd" version="3.0" name="runner.TestRunner" time="10.016" tests="2" errors="0" skipped="0" failures="2">
  <properties>
    <property name="cucumber.publish.quiet" value="false"/>
    <property name="java.specification.version" value="21"/>
    <property name="sun.jnu.encoding" value="UTF-8"/>
    <property name="java.class.path" value="/Users/sanju/Desktop/RokuAssignementWorkSpace/AutomationRoku/target/test-classes:/Users/sanju/Desktop/RokuAssignementWorkSpace/AutomationRoku/target/classes:/Users/sanju/.m2/repository/org/testng/testng/7.9.0/testng-7.9.0.jar:/Users/sanju/.m2/repository/org/slf4j/slf4j-api/1.7.36/slf4j-api-1.7.36.jar:/Users/sanju/.m2/repository/com/beust/jcommander/1.82/jcommander-1.82.jar:/Users/sanju/.m2/repository/org/webjars/jquery/3.7.1/jquery-3.7.1.jar:/Users/sanju/.m2/repository/junit/junit/4.13.2/junit-4.13.2.jar:/Users/sanju/.m2/repository/org/hamcrest/hamcrest-core/1.3/hamcrest-core-1.3.jar:/Users/sanju/.m2/repository/org/apache/maven/plugins/maven-site-plugin/3.3/maven-site-plugin-3.3.jar:/Users/sanju/.m2/repository/org/apache/maven/reporting/maven-reporting-exec/1.1/maven-reporting-exec-1.1.jar:/Users/sanju/.m2/repository/org/apache/maven/reporting/maven-reporting-api/3.0/maven-reporting-api-3.0.jar:/Users/sanju/.m2/repository/org/apache/maven/shared/maven-shared-utils/0.3/maven-shared-utils-0.3.jar:/Users/sanju/.m2/repository/org/codehaus/plexus/plexus-component-annotations/1.5.5/plexus-component-annotations-1.5.5.jar:/Users/sanju/.m2/repository/org/sonatype/aether/aether-util/1.7/aether-util-1.7.jar:/Users/sanju/.m2/repository/org/eclipse/aether/aether-util/0.9.0.M2/aether-util-0.9.0.M2.jar:/Users/sanju/.m2/repository/org/apache/maven/maven-core/3.0/maven-core-3.0.jar:/Users/sanju/.m2/repository/org/apache/maven/maven-repository-metadata/3.0/maven-repository-metadata-3.0.jar:/Users/sanju/.m2/repository/org/apache/maven/maven-model-builder/3.0/maven-model-builder-3.0.jar:/Users/sanju/.m2/repository/org/apache/maven/maven-aether-provider/3.0/maven-aether-provider-3.0.jar:/Users/sanju/.m2/repository/org/sonatype/aether/aether-impl/1.7/aether-impl-1.7.jar:/Users/sanju/.m2/repository/org/sonatype/aether/aether-spi/1.7/aether-spi-1.7.jar:/Users/sanju/.m2/repository/org/sonatype/aether/aether-api/1.7/aether-api-1.7.jar:/Users/sanju/.m2/repository/org/sonatype/sisu/sisu-inject-plexus/1.4.2/sisu-inject-plexus-1.4.2.jar:/Users/sanju/.m2/repository/org/sonatype/sisu/sisu-inject-bean/1.4.2/sisu-inject-bean-1.4.2.jar:/Users/sanju/.m2/repository/org/sonatype/sisu/sisu-guice/2.1.7/sisu-guice-2.1.7-noaop.jar:/Users/sanju/.m2/repository/org/codehaus/plexus/plexus-interpolation/1.14/plexus-interpolation-1.14.jar:/Users/sanju/.m2/repository/org/codehaus/plexus/plexus-classworlds/2.2.3/plexus-classworlds-2.2.3.jar:/Users/sanju/.m2/repository/org/sonatype/plexus/plexus-sec-dispatcher/1.3/plexus-sec-dispatcher-1.3.jar:/Users/sanju/.m2/repository/org/sonatype/plexus/plexus-cipher/1.4/plexus-cipher-1.4.jar:/Users/sanju/.m2/repository/org/apache/maven/maven-model/3.0/maven-model-3.0.jar:/Users/sanju/.m2/repository/org/apache/maven/maven-plugin-api/3.0/maven-plugin-api-3.0.jar:/Users/sanju/.m2/repository/org/apache/maven/maven-settings/3.0/maven-settings-3.0.jar:/Users/sanju/.m2/repository/org/apache/maven/maven-settings-builder/3.0/maven-settings-builder-3.0.jar:/Users/sanju/.m2/repository/org/apache/maven/maven-archiver/2.4.2/maven-archiver-2.4.2.jar:/Users/sanju/.m2/repository/org/apache/maven/doxia/doxia-sink-api/1.4/doxia-sink-api-1.4.jar:/Users/sanju/.m2/repository/org/apache/maven/doxia/doxia-logging-api/1.4/doxia-logging-api-1.4.jar:/Users/sanju/.m2/repository/org/codehaus/plexus/plexus-container-default/1.0-alpha-30/plexus-container-default-1.0-alpha-30.jar:/Users/sanju/.m2/repository/org/apache/maven/doxia/doxia-core/1.4/doxia-core-1.4.jar:/Users/sanju/.m2/repository/xerces/xercesImpl/2.9.1/xercesImpl-2.9.1.jar:/Users/sanju/.m2/repository/xml-apis/xml-apis/1.3.04/xml-apis-1.3.04.jar:/Users/sanju/.m2/repository/org/apache/httpcomponents/httpcore/4.0.1/httpcore-4.0.1.jar:/Users/sanju/.m2/repository/org/apache/maven/doxia/doxia-module-xhtml/1.4/doxia-module-xhtml-1.4.jar:/Users/sanju/.m2/repository/org/apache/maven/doxia/doxia-module-apt/1.4/doxia-module-apt-1.4.jar:/Users/sanju/.m2/repository/org/apache/maven/doxia/doxia-module-xdoc/1.4/doxia-module-xdoc-1.4.jar:/Users/sanju/.m2/repository/org/apache/maven/doxia/doxia-module-fml/1.4/doxia-module-fml-1.4.jar:/Users/sanju/.m2/repository/org/apache/maven/doxia/doxia-module-markdown/1.4/doxia-module-markdown-1.4.jar:/Users/sanju/.m2/repository/org/pegdown/pegdown/1.2.1/pegdown-1.2.1.jar:/Users/sanju/.m2/repository/org/parboiled/parboiled-java/1.1.4/parboiled-java-1.1.4.jar:/Users/sanju/.m2/repository/org/parboiled/parboiled-core/1.1.4/parboiled-core-1.1.4.jar:/Users/sanju/.m2/repository/org/ow2/asm/asm/4.1/asm-4.1.jar:/Users/sanju/.m2/repository/org/ow2/asm/asm-tree/4.1/asm-tree-4.1.jar:/Users/sanju/.m2/repository/org/ow2/asm/asm-analysis/4.1/asm-analysis-4.1.jar:/Users/sanju/.m2/repository/org/ow2/asm/asm-util/4.1/asm-util-4.1.jar:/Users/sanju/.m2/repository/javax/servlet/servlet-api/2.5/servlet-api-2.5.jar:/Users/sanju/.m2/repository/org/apache/maven/doxia/doxia-decoration-model/1.4/doxia-decoration-model-1.4.jar:/Users/sanju/.m2/repository/org/apache/maven/doxia/doxia-site-renderer/1.4/doxia-site-renderer-1.4.jar:/Users/sanju/.m2/repository/org/apache/velocity/velocity-tools/2.0/velocity-tools-2.0.jar:/Users/sanju/.m2/repository/commons-beanutils/commons-beanutils/1.7.0/commons-beanutils-1.7.0.jar:/Users/sanju/.m2/repository/commons-digester/commons-digester/1.8/commons-digester-1.8.jar:/Users/sanju/.m2/repository/commons-chain/commons-chain/1.1/commons-chain-1.1.jar:/Users/sanju/.m2/repository/commons-validator/commons-validator/1.3.1/commons-validator-1.3.1.jar:/Users/sanju/.m2/repository/dom4j/dom4j/1.1/dom4j-1.1.jar:/Users/sanju/.m2/repository/sslext/sslext/1.2-0/sslext-1.2-0.jar:/Users/sanju/.m2/repository/org/apache/struts/struts-core/1.3.8/struts-core-1.3.8.jar:/Users/sanju/.m2/repository/antlr/antlr/2.7.2/antlr-2.7.2.jar:/Users/sanju/.m2/repository/org/apache/struts/struts-taglib/1.3.8/struts-taglib-1.3.8.jar:/Users/sanju/.m2/repository/org/apache/struts/struts-tiles/1.3.8/struts-tiles-1.3.8.jar:/Users/sanju/.m2/repository/commons-collections/commons-collections/3.2.1/commons-collections-3.2.1.jar:/Users/sanju/.m2/repository/org/apache/maven/doxia/doxia-integration-tools/1.5/doxia-integration-tools-1.5.jar:/Users/sanju/.m2/repository/org/apache/maven/wagon/wagon-provider-api/1.0/wagon-provider-api-1.0.jar:/Users/sanju/.m2/repository/org/codehaus/plexus/plexus-archiver/1.0/plexus-archiver-1.0.jar:/Users/sanju/.m2/repository/org/codehaus/plexus/plexus-io/1.0/plexus-io-1.0.jar:/Users/sanju/.m2/repository/org/codehaus/plexus/plexus-i18n/1.0-beta-7/plexus-i18n-1.0-beta-7.jar:/Users/sanju/.m2/repository/org/apache/velocity/velocity/1.5/velocity-1.5.jar:/Users/sanju/.m2/repository/oro/oro/2.0.8/oro-2.0.8.jar:/Users/sanju/.m2/repository/org/codehaus/plexus/plexus-velocity/1.1.8/plexus-velocity-1.1.8.jar:/Users/sanju/.m2/repository/org/codehaus/plexus/plexus-utils/1.5.10/plexus-utils-1.5.10.jar:/Users/sanju/.m2/repository/org/mortbay/jetty/jetty/6.1.25/jetty-6.1.25.jar:/Users/sanju/.m2/repository/org/mortbay/jetty/servlet-api/2.5-20081211/servlet-api-2.5-20081211.jar:/Users/sanju/.m2/repository/org/mortbay/jetty/jetty-util/6.1.25/jetty-util-6.1.25.jar:/Users/sanju/.m2/repository/commons-lang/commons-lang/2.5/commons-lang-2.5.jar:/Users/sanju/.m2/repository/commons-io/commons-io/1.4/commons-io-1.4.jar:/Users/sanju/.m2/repository/org/apache/maven/plugins/maven-install-plugin/2.4/maven-install-plugin-2.4.jar:/Users/sanju/.m2/repository/org/apache/maven/maven-project/2.0.6/maven-project-2.0.6.jar:/Users/sanju/.m2/repository/org/apache/maven/maven-profile/2.0.6/maven-profile-2.0.6.jar:/Users/sanju/.m2/repository/org/apache/maven/maven-plugin-registry/2.0.6/maven-plugin-registry-2.0.6.jar:/Users/sanju/.m2/repository/org/apache/maven/maven-artifact-manager/2.0.6/maven-artifact-manager-2.0.6.jar:/Users/sanju/.m2/repository/org/apache/maven/maven-artifact/2.0.6/maven-artifact-2.0.6.jar:/Users/sanju/.m2/repository/org/codehaus/plexus/plexus-digest/1.0/plexus-digest-1.0.jar:/Users/sanju/.m2/repository/org/apache/maven/plugins/maven-deploy-plugin/2.7/maven-deploy-plugin-2.7.jar:/Users/sanju/.m2/repository/org/seleniumhq/selenium/selenium-java/4.33.0/selenium-java-4.33.0.jar:/Users/sanju/.m2/repository/org/seleniumhq/selenium/selenium-chrome-driver/4.33.0/selenium-chrome-driver-4.33.0.jar:/Users/sanju/.m2/repository/com/google/auto/service/auto-service-annotations/1.1.1/auto-service-annotations-1.1.1.jar:/Users/sanju/.m2/repository/org/seleniumhq/selenium/selenium-chromium-driver/4.33.0/selenium-chromium-driver-4.33.0.jar:/Users/sanju/.m2/repository/org/seleniumhq/selenium/selenium-json/4.33.0/selenium-json-4.33.0.jar:/Users/sanju/.m2/repository/org/seleniumhq/selenium/selenium-manager/4.33.0/selenium-manager-4.33.0.jar:/Users/sanju/.m2/repository/org/seleniumhq/selenium/selenium-devtools-v135/4.33.0/selenium-devtools-v135-4.33.0.jar:/Users/sanju/.m2/repository/org/seleniumhq/selenium/selenium-devtools-v136/4.33.0/selenium-devtools-v136-4.33.0.jar:/Users/sanju/.m2/repository/org/seleniumhq/selenium/selenium-devtools-v137/4.33.0/selenium-devtools-v137-4.33.0.jar:/Users/sanju/.m2/repository/org/seleniumhq/selenium/selenium-edge-driver/4.33.0/selenium-edge-driver-4.33.0.jar:/Users/sanju/.m2/repository/org/seleniumhq/selenium/selenium-firefox-driver/4.33.0/selenium-firefox-driver-4.33.0.jar:/Users/sanju/.m2/repository/org/seleniumhq/selenium/selenium-http/4.33.0/selenium-http-4.33.0.jar:/Users/sanju/.m2/repository/org/seleniumhq/selenium/selenium-ie-driver/4.33.0/selenium-ie-driver-4.33.0.jar:/Users/sanju/.m2/repository/org/seleniumhq/selenium/selenium-safari-driver/4.33.0/selenium-safari-driver-4.33.0.jar:/Users/sanju/.m2/repository/io/rest-assured/rest-assured/4.3.3/rest-assured-4.3.3.jar:/Users/sanju/.m2/repository/org/codehaus/groovy/groovy/3.0.7/groovy-3.0.7.jar:/Users/sanju/.m2/repository/org/codehaus/groovy/groovy-xml/3.0.7/groovy-xml-3.0.7.jar:/Users/sanju/.m2/repository/org/apache/httpcomponents/httpclient/4.5.3/httpclient-4.5.3.jar:/Users/sanju/.m2/repository/commons-logging/commons-logging/1.2/commons-logging-1.2.jar:/Users/sanju/.m2/repository/commons-codec/commons-codec/1.9/commons-codec-1.9.jar:/Users/sanju/.m2/repository/org/apache/httpcomponents/httpmime/4.5.3/httpmime-4.5.3.jar:/Users/sanju/.m2/repository/org/hamcrest/hamcrest/2.1/hamcrest-2.1.jar:/Users/sanju/.m2/repository/org/ccil/cowan/tagsoup/tagsoup/1.2.1/tagsoup-1.2.1.jar:/Users/sanju/.m2/repository/io/rest-assured/json-path/4.3.3/json-path-4.3.3.jar:/Users/sanju/.m2/repository/org/codehaus/groovy/groovy-json/3.0.7/groovy-json-3.0.7.jar:/Users/sanju/.m2/repository/io/rest-assured/rest-assured-common/4.3.3/rest-assured-common-4.3.3.jar:/Users/sanju/.m2/repository/io/rest-assured/xml-path/4.3.3/xml-path-4.3.3.jar:/Users/sanju/.m2/repository/jakarta/xml/bind/jakarta.xml.bind-api/2.3.3/jakarta.xml.bind-api-2.3.3.jar:/Users/sanju/.m2/repository/jakarta/activation/jakarta.activation-api/1.2.2/jakarta.activation-api-1.2.2.jar:/Users/sanju/.m2/repository/com/sun/xml/bind/jaxb-impl/2.3.3/jaxb-impl-2.3.3.jar:/Users/sanju/.m2/repository/io/github/bonigarcia/webdrivermanager/4.0.0/webdrivermanager-4.0.0.jar:/Users/sanju/.m2/repository/com/google/code/gson/gson/2.8.6/gson-2.8.6.jar:/Users/sanju/.m2/repository/org/apache/commons/commons-lang3/3.10/commons-lang3-3.10.jar:/Users/sanju/.m2/repository/org/apache/httpcomponents/client5/httpclient5/5.0/httpclient5-5.0.jar:/Users/sanju/.m2/repository/org/apache/httpcomponents/core5/httpcore5/5.0/httpcore5-5.0.jar:/Users/sanju/.m2/repository/org/apache/httpcomponents/core5/httpcore5-h2/5.0/httpcore5-h2-5.0.jar:/Users/sanju/.m2/repository/org/rauschig/jarchivelib/1.0.0/jarchivelib-1.0.0.jar:/Users/sanju/.m2/repository/org/apache/commons/commons-compress/1.18/commons-compress-1.18.jar:/Users/sanju/.m2/repository/org/jsoup/jsoup/1.13.1/jsoup-1.13.1.jar:/Users/sanju/.m2/repository/org/projectlombok/lombok-maven-plugin/1.18.12.0/lombok-maven-plugin-1.18.12.0.jar:/Users/sanju/.m2/repository/org/projectlombok/lombok/1.18.12/lombok-1.18.12.jar:/Users/sanju/.m2/repository/org/sonatype/plexus/plexus-build-api/0.0.7/plexus-build-api-0.0.7.jar:/Users/sanju/.m2/repository/tech/grasshopper/extentreports-cucumber7-adapter/1.14.0/extentreports-cucumber7-adapter-1.14.0.jar:/Users/sanju/.m2/repository/com/aventstack/extentreports/5.1.0/extentreports-5.1.0.jar:/Users/sanju/.m2/repository/io/reactivex/rxjava3/rxjava/3.1.6/rxjava-3.1.6.jar:/Users/sanju/.m2/repository/org/reactivestreams/reactive-streams/1.0.4/reactive-streams-1.0.4.jar:/Users/sanju/.m2/repository/org/freemarker/freemarker/2.3.32/freemarker-2.3.32.jar:/Users/sanju/.m2/repository/tech/grasshopper/extent-pdf-report/2.12.0/extent-pdf-report-2.12.0.jar:/Users/sanju/.m2/repository/tech/grasshopper/cucumber-pdf-report/2.14.0/cucumber-pdf-report-2.14.0.jar:/Users/sanju/.m2/repository/org/apache/pdfbox/pdfbox/2.0.26/pdfbox-2.0.26.jar:/Users/sanju/.m2/repository/org/apache/pdfbox/fontbox/2.0.26/fontbox-2.0.26.jar:/Users/sanju/.m2/repository/org/knowm/xchart/xchart/3.8.0/xchart-3.8.0.jar:/Users/sanju/.m2/repository/de/erichseifert/vectorgraphics2d/VectorGraphics2D/0.13/VectorGraphics2D-0.13.jar:/Users/sanju/.m2/repository/de/rototor/pdfbox/graphics2d/0.30/graphics2d-0.30.jar:/Users/sanju/.m2/repository/com/madgag/animated-gif-lib/1.4/animated-gif-lib-1.4.jar:/Users/sanju/.m2/repository/org/yaml/snakeyaml/2.0/snakeyaml-2.0.jar:/Users/sanju/.m2/repository/tech/grasshopper/table-layout/1.5.1/table-layout-1.5.1.jar:/Users/sanju/.m2/repository/tech/grasshopper/rest-assured-cucumber-pdf-report/1.5.0/rest-assured-cucumber-pdf-report-1.5.0.jar:/Users/sanju/.m2/repository/com/aventstack/klov-reporter/5.1.0/klov-reporter-5.1.0.jar:/Users/sanju/.m2/repository/org/mongodb/mongodb-driver/3.6.4/mongodb-driver-3.6.4.jar:/Users/sanju/.m2/repository/org/mongodb/mongodb-driver-core/3.6.4/mongodb-driver-core-3.6.4.jar:/Users/sanju/.m2/repository/org/mongodb/bson/3.6.4/bson-3.6.4.jar:/Users/sanju/.m2/repository/tech/grasshopper/htmlextentreporter/1.1.0/htmlextentreporter-1.1.0.jar:/Users/sanju/.m2/repository/tech/grasshopper/extent-excel-report/1.4.0/extent-excel-report-1.4.0.jar:/Users/sanju/.m2/repository/org/apache/poi/poi/5.2.3/poi-5.2.3.jar:/Users/sanju/.m2/repository/org/apache/commons/commons-collections4/4.4/commons-collections4-4.4.jar:/Users/sanju/.m2/repository/org/apache/commons/commons-math3/3.6.1/commons-math3-3.6.1.jar:/Users/sanju/.m2/repository/com/zaxxer/SparseBitSet/1.2/SparseBitSet-1.2.jar:/Users/sanju/.m2/repository/org/apache/logging/log4j/log4j-api/2.18.0/log4j-api-2.18.0.jar:/Users/sanju/.m2/repository/org/apache/poi/poi-ooxml/5.2.3/poi-ooxml-5.2.3.jar:/Users/sanju/.m2/repository/org/apache/poi/poi-ooxml-lite/5.2.3/poi-ooxml-lite-5.2.3.jar:/Users/sanju/.m2/repository/org/apache/xmlbeans/xmlbeans/5.1.1/xmlbeans-5.1.1.jar:/Users/sanju/.m2/repository/com/github/virtuald/curvesapi/1.07/curvesapi-1.07.jar:/Users/sanju/.m2/repository/io/cucumber/cucumber-testng/7.10.0/cucumber-testng-7.10.0.jar:/Users/sanju/.m2/repository/org/apiguardian/apiguardian-api/1.1.2/apiguardian-api-1.1.2.jar:/Users/sanju/.m2/repository/io/appium/java-client/10.0.0/java-client-10.0.0.jar:/Users/sanju/.m2/repository/org/seleniumhq/selenium/selenium-api/4.35.0/selenium-api-4.35.0.jar:/Users/sanju/.m2/repository/org/seleniumhq/selenium/selenium-remote-driver/4.35.0/selenium-remote-driver-4.35.0.jar:/Users/sanju/.m2/repository/io/opentelemetry/opentelemetry-api/1.53.0/opentelemetry-api-1.53.0.jar:/Users/sanju/.m2/repository/io/opentelemetry/opentelemetry-context/1.53.0/opentelemetry-context-1.53.0.jar:/Users/sanju/.m2/repository/io/opentelemetry/opentelemetry-common/1.53.0/opentelemetry-common-1.53.0.jar:/Users/sanju/.m2/repository/io/opentelemetry/opentelemetry-exporter-logging/1.53.0/opentelemetry-exporter-logging-1.53.0.jar:/Users/sanju/.m2/repository/io/opentelemetry/opentelemetry-sdk-common/1.53.0/opentelemetry-sdk-common-1.53.0.jar:/Users/sanju/.m2/repository/io/opentelemetry/opentelemetry-sdk-extension-autoconfigure-spi/1.53.0/opentelemetry-sdk-extension-autoconfigure-spi-1.53.0.jar:/Users/sanju/.m2/repository/io/opentelemetry/opentelemetry-sdk-extension-autoconfigure/1.53.0/opentelemetry-sdk-extension-autoconfigure-1.53.0.jar:/Users/sanju/.m2/repository/io/opentelemetry/opentelemetry-sdk-trace/1.53.0/opentelemetry-sdk-trace-1.53.0.jar:/Users/sanju/.m2/repository/io/opentelemetry/opentelemetry-sdk/1.53.0/opentelemetry-sdk-1.53.0.jar:/Users/sanju/.m2/repository/io/opentelemetry/opentelemetry-sdk-metrics/1.53.0/opentelemetry-sdk-metrics-1.53.0.jar:/Users/sanju/.m2/repository/io/opentelemetry/opentelemetry-sdk-logs/1.53.0/opentelemetry-sdk-logs-1.53.0.jar:/Users/sanju/.m2/repository/net/bytebuddy/byte-buddy/1.17.6/byte-buddy-1.17.6.jar:/Users/sanju/.m2/repository/org/seleniumhq/selenium/selenium-os/4.35.0/selenium-os-4.35.0.jar:/Users/sanju/.m2/repository/org/apache/commons/commons-exec/1.5.0/commons-exec-1.5.0.jar:/Users/sanju/.m2/repository/org/seleniumhq/selenium/selenium-support/4.35.0/selenium-support-4.35.0.jar:/Users/sanju/.m2/repository/org/jspecify/jspecify/1.0.0/jspecify-1.0.0.jar:/Users/sanju/.m2/repository/com/google/guava/guava/33.1.0-jre/guava-33.1.0-jre.jar:/Users/sanju/.m2/repository/com/google/guava/failureaccess/1.0.2/failureaccess-1.0.2.jar:/Users/sanju/.m2/repository/com/google/guava/listenablefuture/9999.0-empty-to-avoid-conflict-with-guava/listenablefuture-9999.0-empty-to-avoid-conflict-with-guava.jar:/Users/sanju/.m2/repository/com/google/code/findbugs/jsr305/3.0.2/jsr305-3.0.2.jar:/Users/sanju/.m2/repository/org/checkerframework/checker-qual/3.42.0/checker-qual-3.42.0.jar:/Users/sanju/.m2/repository/com/google/errorprone/error_prone_annotations/2.26.1/error_prone_annotations-2.26.1.jar:/Users/sanju/.m2/repository/com/google/j2objc/j2objc-annotations/3.0.0/j2objc-annotations-3.0.0.jar:/Users/sanju/.m2/repository/io/cucumber/cucumber-junit/7.15.0/cucumber-junit-7.15.0.jar:/Users/sanju/.m2/repository/io/cucumber/cucumber-core/7.2.3/cucumber-core-7.2.3.jar:/Users/sanju/.m2/repository/io/cucumber/cucumber-gherkin/7.2.3/cucumber-gherkin-7.2.3.jar:/Users/sanju/.m2/repository/io/cucumber/cucumber-gherkin-messages/7.2.3/cucumber-gherkin-messages-7.2.3.jar:/Users/sanju/.m2/repository/io/cucumber/messages/17.1.1/messages-17.1.1.jar:/Users/sanju/.m2/repository/io/cucumber/tag-expressions/4.1.0/tag-expressions-4.1.0.jar:/Users/sanju/.m2/repository/io/cucumber/cucumber-expressions/15.0.1/cucumber-expressions-15.0.1.jar:/Users/sanju/.m2/repository/io/cucumber/datatable/7.2.3/datatable-7.2.3.jar:/Users/sanju/.m2/repository/io/cucumber/cucumber-plugin/7.2.3/cucumber-plugin-7.2.3.jar:/Users/sanju/.m2/repository/io/cucumber/docstring/7.2.3/docstring-7.2.3.jar:/Users/sanju/.m2/repository/io/cucumber/html-formatter/17.0.0/html-formatter-17.0.0.jar:/Users/sanju/.m2/repository/io/cucumber/ci-environment/8.1.0/ci-environment-8.1.0.jar:/Users/sanju/.m2/repository/io/cucumber/cucumber-java/7.15.0/cucumber-java-7.15.0.jar:/Users/sanju/.m2/repository/io/cucumber/cucumber-jvm-deps/1.0.6/cucumber-jvm-deps-1.0.6.jar:/Users/sanju/.m2/repository/com/github/temyers/cucumber-jvm-parallel-plugin/5.0.0/cucumber-jvm-parallel-plugin-5.0.0.jar:/Users/sanju/.m2/repository/io/cucumber/gherkin/5.0.0/gherkin-5.0.0.jar:/Users/sanju/.m2/repository/io/cucumber/gherkin-jvm-deps/1.0.4/gherkin-jvm-deps-1.0.4.jar:"/>
    <property name="java.vm.vendor" value="Oracle Corporation"/>
    <property name="sun.arch.data.model" value="64"/>
    <property name="java.vendor.url" value="https://java.oracle.com/"/>
    <property name="user.timezone" value="Europe/London"/>
    <property name="os.name" value="Mac OS X"/>
    <property name="java.vm.specification.version" value="21"/>
    <property name="sun.java.launcher" value="SUN_STANDARD"/>
    <property name="user.country" value="GB"/>
    <property name="sun.boot.library.path" value="/Library/Java/JavaVirtualMachines/jdk-21.jdk/Contents/Home/lib"/>
    <property name="sun.java.command" value="/Users/sanju/Desktop/RokuAssignementWorkSpace/AutomationRoku/target/surefire/surefirebooter-20250924010608631_3.jar /Users/sanju/Desktop/RokuAssignementWorkSpace/AutomationRoku/target/surefire 2025-09-24T01-06-08_589-jvmRun1 surefire-20250924010608631_1tmp surefire_0-20250924010608631_2tmp"/>
    <property name="http.nonProxyHosts" value="local|*.local|169.254/16|*.169.254/16"/>
    <property name="jdk.debug" value="release"/>
    <property name="surefire.test.class.path" value="/Users/sanju/Desktop/RokuAssignementWorkSpace/AutomationRoku/target/test-classes:/Users/sanju/Desktop/RokuAssignementWorkSpace/AutomationRoku/target/classes:/Users/sanju/.m2/repository/org/testng/testng/7.9.0/testng-7.9.0.jar:/Users/sanju/.m2/repository/org/slf4j/slf4j-api/1.7.36/slf4j-api-1.7.36.jar:/Users/sanju/.m2/repository/com/beust/jcommander/1.82/jcommander-1.82.jar:/Users/sanju/.m2/repository/org/webjars/jquery/3.7.1/jquery-3.7.1.jar:/Users/sanju/.m2/repository/junit/junit/4.13.2/junit-4.13.2.jar:/Users/sanju/.m2/repository/org/hamcrest/hamcrest-core/1.3/hamcrest-core-1.3.jar:/Users/sanju/.m2/repository/org/apache/maven/plugins/maven-site-plugin/3.3/maven-site-plugin-3.3.jar:/Users/sanju/.m2/repository/org/apache/maven/reporting/maven-reporting-exec/1.1/maven-reporting-exec-1.1.jar:/Users/sanju/.m2/repository/org/apache/maven/reporting/maven-reporting-api/3.0/maven-reporting-api-3.0.jar:/Users/sanju/.m2/repository/org/apache/maven/shared/maven-shared-utils/0.3/maven-shared-utils-0.3.jar:/Users/sanju/.m2/repository/org/codehaus/plexus/plexus-component-annotations/1.5.5/plexus-component-annotations-1.5.5.jar:/Users/sanju/.m2/repository/org/sonatype/aether/aether-util/1.7/aether-util-1.7.jar:/Users/sanju/.m2/repository/org/eclipse/aether/aether-util/0.9.0.M2/aether-util-0.9.0.M2.jar:/Users/sanju/.m2/repository/org/apache/maven/maven-core/3.0/maven-core-3.0.jar:/Users/sanju/.m2/repository/org/apache/maven/maven-repository-metadata/3.0/maven-repository-metadata-3.0.jar:/Users/sanju/.m2/repository/org/apache/maven/maven-model-builder/3.0/maven-model-builder-3.0.jar:/Users/sanju/.m2/repository/org/apache/maven/maven-aether-provider/3.0/maven-aether-provider-3.0.jar:/Users/sanju/.m2/repository/org/sonatype/aether/aether-impl/1.7/aether-impl-1.7.jar:/Users/sanju/.m2/repository/org/sonatype/aether/aether-spi/1.7/aether-spi-1.7.jar:/Users/sanju/.m2/repository/org/sonatype/aether/aether-api/1.7/aether-api-1.7.jar:/Users/sanju/.m2/repository/org/sonatype/sisu/sisu-inject-plexus/1.4.2/sisu-inject-plexus-1.4.2.jar:/Users/sanju/.m2/repository/org/sonatype/sisu/sisu-inject-bean/1.4.2/sisu-inject-bean-1.4.2.jar:/Users/sanju/.m2/repository/org/sonatype/sisu/sisu-guice/2.1.7/sisu-guice-2.1.7-noaop.jar:/Users/sanju/.m2/repository/org/codehaus/plexus/plexus-interpolation/1.14/plexus-interpolation-1.14.jar:/Users/sanju/.m2/repository/org/codehaus/plexus/plexus-classworlds/2.2.3/plexus-classworlds-2.2.3.jar:/Users/sanju/.m2/repository/org/sonatype/plexus/plexus-sec-dispatcher/1.3/plexus-sec-dispatcher-1.3.jar:/Users/sanju/.m2/repository/org/sonatype/plexus/plexus-cipher/1.4/plexus-cipher-1.4.jar:/Users/sanju/.m2/repository/org/apache/maven/maven-model/3.0/maven-model-3.0.jar:/Users/sanju/.m2/repository/org/apache/maven/maven-plugin-api/3.0/maven-plugin-api-3.0.jar:/Users/sanju/.m2/repository/org/apache/maven/maven-settings/3.0/maven-settings-3.0.jar:/Users/sanju/.m2/repository/org/apache/maven/maven-settings-builder/3.0/maven-settings-builder-3.0.jar:/Users/sanju/.m2/repository/org/apache/maven/maven-archiver/2.4.2/maven-archiver-2.4.2.jar:/Users/sanju/.m2/repository/org/apache/maven/doxia/doxia-sink-api/1.4/doxia-sink-api-1.4.jar:/Users/sanju/.m2/repository/org/apache/maven/doxia/doxia-logging-api/1.4/doxia-logging-api-1.4.jar:/Users/sanju/.m2/repository/org/codehaus/plexus/plexus-container-default/1.0-alpha-30/plexus-container-default-1.0-alpha-30.jar:/Users/sanju/.m2/repository/org/apache/maven/doxia/doxia-core/1.4/doxia-core-1.4.jar:/Users/sanju/.m2/repository/xerces/xercesImpl/2.9.1/xercesImpl-2.9.1.jar:/Users/sanju/.m2/repository/xml-apis/xml-apis/1.3.04/xml-apis-1.3.04.jar:/Users/sanju/.m2/repository/org/apache/httpcomponents/httpcore/4.0.1/httpcore-4.0.1.jar:/Users/sanju/.m2/repository/org/apache/maven/doxia/doxia-module-xhtml/1.4/doxia-module-xhtml-1.4.jar:/Users/sanju/.m2/repository/org/apache/maven/doxia/doxia-module-apt/1.4/doxia-module-apt-1.4.jar:/Users/sanju/.m2/repository/org/apache/maven/doxia/doxia-module-xdoc/1.4/doxia-module-xdoc-1.4.jar:/Users/sanju/.m2/repository/org/apache/maven/doxia/doxia-module-fml/1.4/doxia-module-fml-1.4.jar:/Users/sanju/.m2/repository/org/apache/maven/doxia/doxia-module-markdown/1.4/doxia-module-markdown-1.4.jar:/Users/sanju/.m2/repository/org/pegdown/pegdown/1.2.1/pegdown-1.2.1.jar:/Users/sanju/.m2/repository/org/parboiled/parboiled-java/1.1.4/parboiled-java-1.1.4.jar:/Users/sanju/.m2/repository/org/parboiled/parboiled-core/1.1.4/parboiled-core-1.1.4.jar:/Users/sanju/.m2/repository/org/ow2/asm/asm/4.1/asm-4.1.jar:/Users/sanju/.m2/repository/org/ow2/asm/asm-tree/4.1/asm-tree-4.1.jar:/Users/sanju/.m2/repository/org/ow2/asm/asm-analysis/4.1/asm-analysis-4.1.jar:/Users/sanju/.m2/repository/org/ow2/asm/asm-util/4.1/asm-util-4.1.jar:/Users/sanju/.m2/repository/javax/servlet/servlet-api/2.5/servlet-api-2.5.jar:/Users/sanju/.m2/repository/org/apache/maven/doxia/doxia-decoration-model/1.4/doxia-decoration-model-1.4.jar:/Users/sanju/.m2/repository/org/apache/maven/doxia/doxia-site-renderer/1.4/doxia-site-renderer-1.4.jar:/Users/sanju/.m2/repository/org/apache/velocity/velocity-tools/2.0/velocity-tools-2.0.jar:/Users/sanju/.m2/repository/commons-beanutils/commons-beanutils/1.7.0/commons-beanutils-1.7.0.jar:/Users/sanju/.m2/repository/commons-digester/commons-digester/1.8/commons-digester-1.8.jar:/Users/sanju/.m2/repository/commons-chain/commons-chain/1.1/commons-chain-1.1.jar:/Users/sanju/.m2/repository/commons-validator/commons-validator/1.3.1/commons-validator-1.3.1.jar:/Users/sanju/.m2/repository/dom4j/dom4j/1.1/dom4j-1.1.jar:/Users/sanju/.m2/repository/sslext/sslext/1.2-0/sslext-1.2-0.jar:/Users/sanju/.m2/repository/org/apache/struts/struts-core/1.3.8/struts-core-1.3.8.jar:/Users/sanju/.m2/repository/antlr/antlr/2.7.2/antlr-2.7.2.jar:/Users/sanju/.m2/repository/org/apache/struts/struts-taglib/1.3.8/struts-taglib-1.3.8.jar:/Users/sanju/.m2/repository/org/apache/struts/struts-tiles/1.3.8/struts-tiles-1.3.8.jar:/Users/sanju/.m2/repository/commons-collections/commons-collections/3.2.1/commons-collections-3.2.1.jar:/Users/sanju/.m2/repository/org/apache/maven/doxia/doxia-integration-tools/1.5/doxia-integration-tools-1.5.jar:/Users/sanju/.m2/repository/org/apache/maven/wagon/wagon-provider-api/1.0/wagon-provider-api-1.0.jar:/Users/sanju/.m2/repository/org/codehaus/plexus/plexus-archiver/1.0/plexus-archiver-1.0.jar:/Users/sanju/.m2/repository/org/codehaus/plexus/plexus-io/1.0/plexus-io-1.0.jar:/Users/sanju/.m2/repository/org/codehaus/plexus/plexus-i18n/1.0-beta-7/plexus-i18n-1.0-beta-7.jar:/Users/sanju/.m2/repository/org/apache/velocity/velocity/1.5/velocity-1.5.jar:/Users/sanju/.m2/repository/oro/oro/2.0.8/oro-2.0.8.jar:/Users/sanju/.m2/repository/org/codehaus/plexus/plexus-velocity/1.1.8/plexus-velocity-1.1.8.jar:/Users/sanju/.m2/repository/org/codehaus/plexus/plexus-utils/1.5.10/plexus-utils-1.5.10.jar:/Users/sanju/.m2/repository/org/mortbay/jetty/jetty/6.1.25/jetty-6.1.25.jar:/Users/sanju/.m2/repository/org/mortbay/jetty/servlet-api/2.5-20081211/servlet-api-2.5-20081211.jar:/Users/sanju/.m2/repository/org/mortbay/jetty/jetty-util/6.1.25/jetty-util-6.1.25.jar:/Users/sanju/.m2/repository/commons-lang/commons-lang/2.5/commons-lang-2.5.jar:/Users/sanju/.m2/repository/commons-io/commons-io/1.4/commons-io-1.4.jar:/Users/sanju/.m2/repository/org/apache/maven/plugins/maven-install-plugin/2.4/maven-install-plugin-2.4.jar:/Users/sanju/.m2/repository/org/apache/maven/maven-project/2.0.6/maven-project-2.0.6.jar:/Users/sanju/.m2/repository/org/apache/maven/maven-profile/2.0.6/maven-profile-2.0.6.jar:/Users/sanju/.m2/repository/org/apache/maven/maven-plugin-registry/2.0.6/maven-plugin-registry-2.0.6.jar:/Users/sanju/.m2/repository/org/apache/maven/maven-artifact-manager/2.0.6/maven-artifact-manager-2.0.6.jar:/Users/sanju/.m2/repository/org/apache/maven/maven-artifact/2.0.6/maven-artifact-2.0.6.jar:/Users/sanju/.m2/repository/org/codehaus/plexus/plexus-digest/1.0/plexus-digest-1.0.jar:/Users/sanju/.m2/repository/org/apache/maven/plugins/maven-deploy-plugin/2.7/maven-deploy-plugin-2.7.jar:/Users/sanju/.m2/repository/org/seleniumhq/selenium/selenium-java/4.33.0/selenium-java-4.33.0.jar:/Users/sanju/.m2/repository/org/seleniumhq/selenium/selenium-chrome-driver/4.33.0/selenium-chrome-driver-4.33.0.jar:/Users/sanju/.m2/repository/com/google/auto/service/auto-service-annotations/1.1.1/auto-service-annotations-1.1.1.jar:/Users/sanju/.m2/repository/org/seleniumhq/selenium/selenium-chromium-driver/4.33.0/selenium-chromium-driver-4.33.0.jar:/Users/sanju/.m2/repository/org/seleniumhq/selenium/selenium-json/4.33.0/selenium-json-4.33.0.jar:/Users/sanju/.m2/repository/org/seleniumhq/selenium/selenium-manager/4.33.0/selenium-manager-4.33.0.jar:/Users/sanju/.m2/repository/org/seleniumhq/selenium/selenium-devtools-v135/4.33.0/selenium-devtools-v135-4.33.0.jar:/Users/sanju/.m2/repository/org/seleniumhq/selenium/selenium-devtools-v136/4.33.0/selenium-devtools-v136-4.33.0.jar:/Users/sanju/.m2/repository/org/seleniumhq/selenium/selenium-devtools-v137/4.33.0/selenium-devtools-v137-4.33.0.jar:/Users/sanju/.m2/repository/org/seleniumhq/selenium/selenium-edge-driver/4.33.0/selenium-edge-driver-4.33.0.jar:/Users/sanju/.m2/repository/org/seleniumhq/selenium/selenium-firefox-driver/4.33.0/selenium-firefox-driver-4.33.0.jar:/Users/sanju/.m2/repository/org/seleniumhq/selenium/selenium-http/4.33.0/selenium-http-4.33.0.jar:/Users/sanju/.m2/repository/org/seleniumhq/selenium/selenium-ie-driver/4.33.0/selenium-ie-driver-4.33.0.jar:/Users/sanju/.m2/repository/org/seleniumhq/selenium/selenium-safari-driver/4.33.0/selenium-safari-driver-4.33.0.jar:/Users/sanju/.m2/repository/io/rest-assured/rest-assured/4.3.3/rest-assured-4.3.3.jar:/Users/sanju/.m2/repository/org/codehaus/groovy/groovy/3.0.7/groovy-3.0.7.jar:/Users/sanju/.m2/repository/org/codehaus/groovy/groovy-xml/3.0.7/groovy-xml-3.0.7.jar:/Users/sanju/.m2/repository/org/apache/httpcomponents/httpclient/4.5.3/httpclient-4.5.3.jar:/Users/sanju/.m2/repository/commons-logging/commons-logging/1.2/commons-logging-1.2.jar:/Users/sanju/.m2/repository/commons-codec/commons-codec/1.9/commons-codec-1.9.jar:/Users/sanju/.m2/repository/org/apache/httpcomponents/httpmime/4.5.3/httpmime-4.5.3.jar:/Users/sanju/.m2/repository/org/hamcrest/hamcrest/2.1/hamcrest-2.1.jar:/Users/sanju/.m2/repository/org/ccil/cowan/tagsoup/tagsoup/1.2.1/tagsoup-1.2.1.jar:/Users/sanju/.m2/repository/io/rest-assured/json-path/4.3.3/json-path-4.3.3.jar:/Users/sanju/.m2/repository/org/codehaus/groovy/groovy-json/3.0.7/groovy-json-3.0.7.jar:/Users/sanju/.m2/repository/io/rest-assured/rest-assured-common/4.3.3/rest-assured-common-4.3.3.jar:/Users/sanju/.m2/repository/io/rest-assured/xml-path/4.3.3/xml-path-4.3.3.jar:/Users/sanju/.m2/repository/jakarta/xml/bind/jakarta.xml.bind-api/2.3.3/jakarta.xml.bind-api-2.3.3.jar:/Users/sanju/.m2/repository/jakarta/activation/jakarta.activation-api/1.2.2/jakarta.activation-api-1.2.2.jar:/Users/sanju/.m2/repository/com/sun/xml/bind/jaxb-impl/2.3.3/jaxb-impl-2.3.3.jar:/Users/sanju/.m2/repository/io/github/bonigarcia/webdrivermanager/4.0.0/webdrivermanager-4.0.0.jar:/Users/sanju/.m2/repository/com/google/code/gson/gson/2.8.6/gson-2.8.6.jar:/Users/sanju/.m2/repository/org/apache/commons/commons-lang3/3.10/commons-lang3-3.10.jar:/Users/sanju/.m2/repository/org/apache/httpcomponents/client5/httpclient5/5.0/httpclient5-5.0.jar:/Users/sanju/.m2/repository/org/apache/httpcomponents/core5/httpcore5/5.0/httpcore5-5.0.jar:/Users/sanju/.m2/repository/org/apache/httpcomponents/core5/httpcore5-h2/5.0/httpcore5-h2-5.0.jar:/Users/sanju/.m2/repository/org/rauschig/jarchivelib/1.0.0/jarchivelib-1.0.0.jar:/Users/sanju/.m2/repository/org/apache/commons/commons-compress/1.18/commons-compress-1.18.jar:/Users/sanju/.m2/repository/org/jsoup/jsoup/1.13.1/jsoup-1.13.1.jar:/Users/sanju/.m2/repository/org/projectlombok/lombok-maven-plugin/1.18.12.0/lombok-maven-plugin-1.18.12.0.jar:/Users/sanju/.m2/repository/org/projectlombok/lombok/1.18.12/lombok-1.18.12.jar:/Users/sanju/.m2/repository/org/sonatype/plexus/plexus-build-api/0.0.7/plexus-build-api-0.0.7.jar:/Users/sanju/.m2/repository/tech/grasshopper/extentreports-cucumber7-adapter/1.14.0/extentreports-cucumber7-adapter-1.14.0.jar:/Users/sanju/.m2/repository/com/aventstack/extentreports/5.1.0/extentreports-5.1.0.jar:/Users/sanju/.m2/repository/io/reactivex/rxjava3/rxjava/3.1.6/rxjava-3.1.6.jar:/Users/sanju/.m2/repository/org/reactivestreams/reactive-streams/1.0.4/reactive-streams-1.0.4.jar:/Users/sanju/.m2/repository/org/freemarker/freemarker/2.3.32/freemarker-2.3.32.jar:/Users/sanju/.m2/repository/tech/grasshopper/extent-pdf-report/2.12.0/extent-pdf-report-2.12.0.jar:/Users/sanju/.m2/repository/tech/grasshopper/cucumber-pdf-report/2.14.0/cucumber-pdf-report-2.14.0.jar:/Users/sanju/.m2/repository/org/apache/pdfbox/pdfbox/2.0.26/pdfbox-2.0.26.jar:/Users/sanju/.m2/repository/org/apache/pdfbox/fontbox/2.0.26/fontbox-2.0.26.jar:/Users/sanju/.m2/repository/org/knowm/xchart/xchart/3.8.0/xchart-3.8.0.jar:/Users/sanju/.m2/repository/de/erichseifert/vectorgraphics2d/VectorGraphics2D/0.13/VectorGraphics2D-0.13.jar:/Users/sanju/.m2/repository/de/rototor/pdfbox/graphics2d/0.30/graphics2d-0.30.jar:/Users/sanju/.m2/repository/com/madgag/animated-gif-lib/1.4/animated-gif-lib-1.4.jar:/Users/sanju/.m2/repository/org/yaml/snakeyaml/2.0/snakeyaml-2.0.jar:/Users/sanju/.m2/repository/tech/grasshopper/table-layout/1.5.1/table-layout-1.5.1.jar:/Users/sanju/.m2/repository/tech/grasshopper/rest-assured-cucumber-pdf-report/1.5.0/rest-assured-cucumber-pdf-report-1.5.0.jar:/Users/sanju/.m2/repository/com/aventstack/klov-reporter/5.1.0/klov-reporter-5.1.0.jar:/Users/sanju/.m2/repository/org/mongodb/mongodb-driver/3.6.4/mongodb-driver-3.6.4.jar:/Users/sanju/.m2/repository/org/mongodb/mongodb-driver-core/3.6.4/mongodb-driver-core-3.6.4.jar:/Users/sanju/.m2/repository/org/mongodb/bson/3.6.4/bson-3.6.4.jar:/Users/sanju/.m2/repository/tech/grasshopper/htmlextentreporter/1.1.0/htmlextentreporter-1.1.0.jar:/Users/sanju/.m2/repository/tech/grasshopper/extent-excel-report/1.4.0/extent-excel-report-1.4.0.jar:/Users/sanju/.m2/repository/org/apache/poi/poi/5.2.3/poi-5.2.3.jar:/Users/sanju/.m2/repository/org/apache/commons/commons-collections4/4.4/commons-collections4-4.4.jar:/Users/sanju/.m2/repository/org/apache/commons/commons-math3/3.6.1/commons-math3-3.6.1.jar:/Users/sanju/.m2/repository/com/zaxxer/SparseBitSet/1.2/SparseBitSet-1.2.jar:/Users/sanju/.m2/repository/org/apache/logging/log4j/log4j-api/2.18.0/log4j-api-2.18.0.jar:/Users/sanju/.m2/repository/org/apache/poi/poi-ooxml/5.2.3/poi-ooxml-5.2.3.jar:/Users/sanju/.m2/repository/org/apache/poi/poi-ooxml-lite/5.2.3/poi-ooxml-lite-5.2.3.jar:/Users/sanju/.m2/repository/org/apache/xmlbeans/xmlbeans/5.1.1/xmlbeans-5.1.1.jar:/Users/sanju/.m2/repository/com/github/virtuald/curvesapi/1.07/curvesapi-1.07.jar:/Users/sanju/.m2/repository/io/cucumber/cucumber-testng/7.10.0/cucumber-testng-7.10.0.jar:/Users/sanju/.m2/repository/org/apiguardian/apiguardian-api/1.1.2/apiguardian-api-1.1.2.jar:/Users/sanju/.m2/repository/io/appium/java-client/10.0.0/java-client-10.0.0.jar:/Users/sanju/.m2/repository/org/seleniumhq/selenium/selenium-api/4.35.0/selenium-api-4.35.0.jar:/Users/sanju/.m2/repository/org/seleniumhq/selenium/selenium-remote-driver/4.35.0/selenium-remote-driver-4.35.0.jar:/Users/sanju/.m2/repository/io/opentelemetry/opentelemetry-api/1.53.0/opentelemetry-api-1.53.0.jar:/Users/sanju/.m2/repository/io/opentelemetry/opentelemetry-context/1.53.0/opentelemetry-context-1.53.0.jar:/Users/sanju/.m2/repository/io/opentelemetry/opentelemetry-common/1.53.0/opentelemetry-common-1.53.0.jar:/Users/sanju/.m2/repository/io/opentelemetry/opentelemetry-exporter-logging/1.53.0/opentelemetry-exporter-logging-1.53.0.jar:/Users/sanju/.m2/repository/io/opentelemetry/opentelemetry-sdk-common/1.53.0/opentelemetry-sdk-common-1.53.0.jar:/Users/sanju/.m2/repository/io/opentelemetry/opentelemetry-sdk-extension-autoconfigure-spi/1.53.0/opentelemetry-sdk-extension-autoconfigure-spi-1.53.0.jar:/Users/sanju/.m2/repository/io/opentelemetry/opentelemetry-sdk-extension-autoconfigure/1.53.0/opentelemetry-sdk-extension-autoconfigure-1.53.0.jar:/Users/sanju/.m2/repository/io/opentelemetry/opentelemetry-sdk-trace/1.53.0/opentelemetry-sdk-trace-1.53.0.jar:/Users/sanju/.m2/repository/io/opentelemetry/opentelemetry-sdk/1.53.0/opentelemetry-sdk-1.53.0.jar:/Users/sanju/.m2/repository/io/opentelemetry/opentelemetry-sdk-metrics/1.53.0/opentelemetry-sdk-metrics-1.53.0.jar:/Users/sanju/.m2/repository/io/opentelemetry/opentelemetry-sdk-logs/1.53.0/opentelemetry-sdk-logs-1.53.0.jar:/Users/sanju/.m2/repository/net/bytebuddy/byte-buddy/1.17.6/byte-buddy-1.17.6.jar:/Users/sanju/.m2/repository/org/seleniumhq/selenium/selenium-os/4.35.0/selenium-os-4.35.0.jar:/Users/sanju/.m2/repository/org/apache/commons/commons-exec/1.5.0/commons-exec-1.5.0.jar:/Users/sanju/.m2/repository/org/seleniumhq/selenium/selenium-support/4.35.0/selenium-support-4.35.0.jar:/Users/sanju/.m2/repository/org/jspecify/jspecify/1.0.0/jspecify-1.0.0.jar:/Users/sanju/.m2/repository/com/google/guava/guava/33.1.0-jre/guava-33.1.0-jre.jar:/Users/sanju/.m2/repository/com/google/guava/failureaccess/1.0.2/failureaccess-1.0.2.jar:/Users/sanju/.m2/repository/com/google/guava/listenablefuture/9999.0-empty-to-avoid-conflict-with-guava/listenablefuture-9999.0-empty-to-avoid-conflict-with-guava.jar:/Users/sanju/.m2/repository/com/google/code/findbugs/jsr305/3.0.2/jsr305-3.0.2.jar:/Users/sanju/.m2/repository/org/checkerframework/checker-qual/3.42.0/checker-qual-3.42.0.jar:/Users/sanju/.m2/repository/com/google/errorprone/error_prone_annotations/2.26.1/error_prone_annotations-2.26.1.jar:/Users/sanju/.m2/repository/com/google/j2objc/j2objc-annotations/3.0.0/j2objc-annotations-3.0.0.jar:/Users/sanju/.m2/repository/io/cucumber/cucumber-junit/7.15.0/cucumber-junit-7.15.0.jar:/Users/sanju/.m2/repository/io/cucumber/cucumber-core/7.2.3/cucumber-core-7.2.3.jar:/Users/sanju/.m2/repository/io/cucumber/cucumber-gherkin/7.2.3/cucumber-gherkin-7.2.3.jar:/Users/sanju/.m2/repository/io/cucumber/cucumber-gherkin-messages/7.2.3/cucumber-gherkin-messages-7.2.3.jar:/Users/sanju/.m2/repository/io/cucumber/messages/17.1.1/messages-17.1.1.jar:/Users/sanju/.m2/repository/io/cucumber/tag-expressions/4.1.0/tag-expressions-4.1.0.jar:/Users/sanju/.m2/repository/io/cucumber/cucumber-expressions/15.0.1/cucumber-expressions-15.0.1.jar:/Users/sanju/.m2/repository/io/cucumber/datatable/7.2.3/datatable-7.2.3.jar:/Users/sanju/.m2/repository/io/cucumber/cucumber-plugin/7.2.3/cucumber-plugin-7.2.3.jar:/Users/sanju/.m2/repository/io/cucumber/docstring/7.2.3/docstring-7.2.3.jar:/Users/sanju/.m2/repository/io/cucumber/html-formatter/17.0.0/html-formatter-17.0.0.jar:/Users/sanju/.m2/repository/io/cucumber/ci-environment/8.1.0/ci-environment-8.1.0.jar:/Users/sanju/.m2/repository/io/cucumber/cucumber-java/7.15.0/cucumber-java-7.15.0.jar:/Users/sanju/.m2/repository/io/cucumber/cucumber-jvm-deps/1.0.6/cucumber-jvm-deps-1.0.6.jar:/Users/sanju/.m2/repository/com/github/temyers/cucumber-jvm-parallel-plugin/5.0.0/cucumber-jvm-parallel-plugin-5.0.0.jar:/Users/sanju/.m2/repository/io/cucumber/gherkin/5.0.0/gherkin-5.0.0.jar:/Users/sanju/.m2/repository/io/cucumber/gherkin-jvm-deps/1.0.4/gherkin-jvm-deps-1.0.4.jar:"/>
    <property name="sun.cpu.endian" value="little"/>
    <property name="user.home" value="/Users/sanju"/>
    <property name="user.language" value="en"/>
    <property name="java.specification.vendor" value="Oracle Corporation"/>
    <property name="java.version.date" value="2024-01-16"/>
    <property name="java.home" value="/Library/Java/JavaVirtualMachines/jdk-21.jdk/Contents/Home"/>
    <property name="file.separator" value="/"/>
    <property name="basedir" value="/Users/sanju/Desktop/RokuAssignementWorkSpace/AutomationRoku"/>
    <property name="java.vm.compressedOopsMode" value="Zero based"/>
    <property name="line.separator" value="&#10;"/>
    <property name="java.vm.specification.vendor" value="Oracle Corporation"/>
    <property name="java.specification.name" value="Java Platform API Specification"/>
    <property name="apple.awt.application.name" value="ForkedBooter"/>
    <property name="surefire.real.class.path" value="/Users/sanju/Desktop/RokuAssignementWorkSpace/AutomationRoku/target/surefire/surefirebooter-20250924010608631_3.jar"/>
    <property name="sun.management.compiler" value="HotSpot 64-Bit Tiered Compilers"/>
    <property name="ftp.nonProxyHosts" value="local|*.local|169.254/16|*.169.254/16"/>
    <property name="java.runtime.version" value="21.0.2+13-LTS-58"/>
    <property name="user.name" value="sanju"/>
    <property name="stdout.encoding" value="UTF-8"/>
    <property name="path.separator" value=":"/>
    <property name="os.version" value="14.3"/>
    <property name="java.runtime.name" value="Java(TM) SE Runtime Environment"/>
    <property name="file.encoding" value="UTF-8"/>
    <property name="java.vm.name" value="Java HotSpot(TM) 64-Bit Server VM"/>
    <property name="localRepository" value="/Users/sanju/.m2/repository"/>
    <property name="java.vendor.url.bug" value="https://bugreport.java.com/bugreport/"/>
    <property name="java.io.tmpdir" value="/var/folders/m8/d_ml1jqs5rdf6m9md2pykmkh0000gn/T/"/>
    <property name="idea.version" value="2023.3.3"/>
    <property name="java.version" value="21.0.2"/>
    <property name="user.dir" value="/Users/sanju/Desktop/RokuAssignementWorkSpace/AutomationRoku"/>
    <property name="os.arch" value="aarch64"/>
    <property name="java.vm.specification.name" value="Java Virtual Machine Specification"/>
    <property name="native.encoding" value="UTF-8"/>
    <property name="java.library.path" value="/Users/sanju/Library/Java/Extensions:/Library/Java/Extensions:/Network/Library/Java/Extensions:/System/Library/Java/Extensions:/usr/lib/java:."/>
    <property name="java.vm.info" value="mixed mode, sharing"/>
    <property name="stderr.encoding" value="UTF-8"/>
    <property name="java.vendor" value="Oracle Corporation"/>
    <property name="java.vm.version" value="21.0.2+13-LTS-58"/>
    <property name="sun.io.unicode.encoding" value="UnicodeBig"/>
    <property name="socksNonProxyHosts" value="local|*.local|169.254/16|*.169.254/16"/>
    <property name="java.class.version" value="65.0"/>
  </properties>
  <testcase name="runScenario[&quot;Verify user should see main activity&quot;, &quot;User should be able to launch prime Video Application&quot;](1)" classname="runner.TestRunner" time="8.423">
    <failure message="An unknown server-side error occurred while processing the command. Original error: Url or Uri must start with &lt;scheme&gt;://&#10;Build info: version: &apos;4.35.0&apos;, revision: &apos;1c58e5028b&apos;&#10;System info: os.name: &apos;Mac OS X&apos;, os.arch: &apos;aarch64&apos;, os.version: &apos;14.3&apos;, java.version: &apos;21.0.2&apos;&#10;Driver info: io.appium.java_client.AppiumDriver&#10;Command: [95e9bcd9-16d7-4909-9850-95b0224278cc, get {url=com.amazon.avod.thirdpartyclient/com.amazon.avod.app.MainActivity}]&#10;Capabilities {appium:appActivity: com.amazon.avod.app.MainAct..., appium:appPackage: com.amazon.avod.thirdpartyc..., appium:automationName: UiAutomator2, appium:databaseEnabled: false, appium:desired: {appActivity: com.amazon.avod.app.MainAct..., appPackage: com.amazon.avod.thirdpartyc..., automationName: UiAutomator2, deviceName: 2A211FDH300FY5, platformName: ANDROID, platformVersion: 16}, appium:deviceApiLevel: 36, appium:deviceManufacturer: Google, appium:deviceModel: Pixel 7 Pro, appium:deviceName: 2A211FDH300FY5, appium:deviceScreenDensity: 560, appium:deviceScreenSize: 1440x3120, appium:deviceUDID: 2A211FDH300FY5, appium:javascriptEnabled: true, appium:locationContextEnabled: false, appium:networkConnectionEnabled: true, appium:pixelRatio: 3.5, appium:platformVersion: 16, appium:statBarHeight: 142, appium:takesScreenshot: true, appium:viewportRect: {height: 2978, left: 0, top: 142, width: 1440}, appium:warnings: {}, appium:webStorageEnabled: false, platformName: ANDROID}&#10;Session ID: 95e9bcd9-16d7-4909-9850-95b0224278cc" type="org.openqa.selenium.WebDriverException"><![CDATA[org.openqa.selenium.WebDriverException: 
An unknown server-side error occurred while processing the command. Original error: Url or Uri must start with <scheme>://
Build info: version: '4.35.0', revision: '1c58e5028b'
System info: os.name: 'Mac OS X', os.arch: 'aarch64', os.version: '14.3', java.version: '21.0.2'
Driver info: io.appium.java_client.AppiumDriver
Command: [95e9bcd9-16d7-4909-9850-95b0224278cc, get {url=com.amazon.avod.thirdpartyclient/com.amazon.avod.app.MainActivity}]
Capabilities {appium:appActivity: com.amazon.avod.app.MainAct..., appium:appPackage: com.amazon.avod.thirdpartyc..., appium:automationName: UiAutomator2, appium:databaseEnabled: false, appium:desired: {appActivity: com.amazon.avod.app.MainAct..., appPackage: com.amazon.avod.thirdpartyc..., automationName: UiAutomator2, deviceName: 2A211FDH300FY5, platformName: ANDROID, platformVersion: 16}, appium:deviceApiLevel: 36, appium:deviceManufacturer: Google, appium:deviceModel: Pixel 7 Pro, appium:deviceName: 2A211FDH300FY5, appium:deviceScreenDensity: 560, appium:deviceScreenSize: 1440x3120, appium:deviceUDID: 2A211FDH300FY5, appium:javascriptEnabled: true, appium:locationContextEnabled: false, appium:networkConnectionEnabled: true, appium:pixelRatio: 3.5, appium:platformVersion: 16, appium:statBarHeight: 142, appium:takesScreenshot: true, appium:viewportRect: {height: 2978, left: 0, top: 142, width: 1440}, appium:warnings: {}, appium:webStorageEnabled: false, platformName: ANDROID}
Session ID: 95e9bcd9-16d7-4909-9850-95b0224278cc
	at java.base/jdk.internal.reflect.DirectConstructorHandleAccessor.newInstance(DirectConstructorHandleAccessor.java:62)
	at java.base/java.lang.reflect.Constructor.newInstanceWithCaller(Constructor.java:502)
	at java.base/java.lang.reflect.Constructor.newInstance(Constructor.java:486)
	at org.openqa.selenium.remote.ErrorCodec.decode(ErrorCodec.java:167)
	at org.openqa.selenium.remote.codec.w3c.W3CHttpResponseCodec.decode(W3CHttpResponseCodec.java:138)
	at org.openqa.selenium.remote.codec.w3c.W3CHttpResponseCodec.decode(W3CHttpResponseCodec.java:50)
	at org.openqa.selenium.remote.HttpCommandExecutor.execute(HttpCommandExecutor.java:215)
	at io.appium.java_client.remote.AppiumCommandExecutor.execute(AppiumCommandExecutor.java:243)
	at org.openqa.selenium.remote.RemoteWebDriver.execute(RemoteWebDriver.java:557)
	at org.openqa.selenium.remote.RemoteWebDriver.get(RemoteWebDriver.java:325)
	at com.test.roku.utils.DriverUtils.launchUrl(DriverUtils.java:178)
	at com.test.roku.utils.DriverUtils.initDriver(DriverUtils.java:45)
	at com.test.roku.utils.DriverUtils.getDriver(DriverUtils.java:50)
	at com.test.roku.steps.Hooks.setUp(Hooks.java:30)
]]></failure>
    <system-out><![CDATA[DelFile 12345./test-output/SparkReport

@PVMobileNativeRegression
Scenario: Verify user should see main activity     &amp#27;[90m# src/test/java/features/PrimeVideoSignInMobile.feature:7&amp#27;[0m
&amp#27;[35m[Appium]&amp#27;[39m Welcome to Appium v2.5.1
&amp#27;[35m[Appium]&amp#27;[39m Non-default server args:
&amp#27;[35m[Appium]&amp#27;[39m { address: &amp#27;[32m'127.0.0.1'&amp#27;[39m }
&amp#27;[35m[Appium]&amp#27;[39m The autodetected Appium home path: /Users/sanju/.appium
&amp#27;[35m[Appium]&amp#27;[39m Attempting to load driver xcuitest...
&amp#27;[35m[Appium]&amp#27;[39m Attempting to load driver uiautomator2...
&amp#27;[35m[Appium]&amp#27;[39m Attempting to load driver espresso...
&amp#27;[35m[Appium]&amp#27;[39m Requiring driver at /Users/sanju/.appium/node_modules/appium-uiautomator2-driver/build/index.js
&amp#27;[35m[Appium]&amp#27;[39m Requiring driver at /Users/sanju/.appium/node_modules/appium-espresso-driver/build/index.js
&amp#27;[35m[Appium]&amp#27;[39m Requiring driver at /Users/sanju/.appium/node_modules/appium-xcuitest-driver/build/index.js
[Appium] AndroidUiautomator2Driver has been successfully loaded in 1.237s
[Appium] EspressoDriver has been successfully loaded in 1.237s
[Appium] XCUITestDriver has been successfully loaded in 1.237s
[Appium] Appium REST http interface listener started on http://127.0.0.1:4723
[Appium] Available drivers:
[Appium]   - xcuitest@7.3.0 (automationName 'XCUITest')
[Appium]   - uiautomator2@3.0.2 (automationName 'UiAutomator2')
[Appium]   - espresso@2.37.1 (automationName 'Espresso')
[Appium] No plugins have been installed. Use the "appium plugin" command to install the one(s) you want to use.
&amp#27;[38;5;0m[HTTP]&amp#27;[0m &amp#27;[37m-->&amp#27;[39m &amp#27;[37mGET&amp#27;[39m &amp#27;[37m/status&amp#27;[39m
&amp#27;[38;5;0m[HTTP]&amp#27;[0m {}
&amp#27;[38;5;16m[AppiumDriver@8afa]&amp#27;[0m Calling AppiumDriver.getStatus() with args: []
&amp#27;[38;5;16m[AppiumDriver@8afa]&amp#27;[0m Responding to client with driver.getStatus() result: {"ready":true,"message":"The server is ready to accept new connections","build":{"version":"2.5.1"}}
&amp#27;[38;5;0m[HTTP]&amp#27;[0m <-- GET /status 200 3 ms - 110
&amp#27;[38;5;0m[HTTP]&amp#27;[0m 
&amp#27;[38;5;0m[HTTP]&amp#27;[0m &amp#27;[37m-->&amp#27;[39m &amp#27;[37mGET&amp#27;[39m &amp#27;[37m/status&amp#27;[39m
&amp#27;[38;5;0m[HTTP]&amp#27;[0m {}
&amp#27;[38;5;16m[AppiumDriver@8afa]&amp#27;[0m Calling AppiumDriver.getStatus() with args: []
&amp#27;[38;5;16m[AppiumDriver@8afa]&amp#27;[0m Responding to client with driver.getStatus() result: {"ready":true,"message":"The server is ready to accept new connections","build":{"version":"2.5.1"}}
&amp#27;[38;5;0m[HTTP]&amp#27;[0m <-- GET /status 200 0 ms - 110
&amp#27;[38;5;0m[HTTP]&amp#27;[0m 
&amp#27;[38;5;0m[HTTP]&amp#27;[0m Request idempotency key: 8723619d-5c89-4281-be85-ae113c5935b7
&amp#27;[38;5;0m[HTTP]&amp#27;[0m &amp#27;[37m-->&amp#27;[39m &amp#27;[37mPOST&amp#27;[39m &amp#27;[37m/session&amp#27;[39m
&amp#27;[38;5;0m[HTTP]&amp#27;[0m {"capabilities":{"firstMatch":[{"appium:appActivity":"com.amazon.avod.app.MainActivity","appium:deviceName":"2A211FDH300FY5","platformName":"ANDROID","appium:automationName":"UiAutomator2","appium:platformVersion":"16","appium:appPackage":"com.amazon.avod.thirdpartyclient"}]}}
&amp#27;[38;5;16m[AppiumDriver@8afa]&amp#27;[0m Calling AppiumDriver.createSession() with args: [null,null,{"firstMatch":[{"appium:appActivity":"com.amazon.avod.app.MainActivity","appium:deviceName":"2A211FDH300FY5","platformName":"ANDROID","appium:automationName":"UiAutomator2","appium:platformVersion":"16","appium:appPackage":"com.amazon.avod.thirdpartyclient"}]}]
&amp#27;[38;5;16m[AppiumDriver@8afa]&amp#27;[0m Event 'newSessionRequested' logged at 1758672371913 (01:06:11 GMT+0100 (British Summer Time))
[Appium] Attempting to find matching driver for automationName 'UiAutomator2' and platformName 'ANDROID'
[Appium] The 'uiautomator2' driver was installed and matched caps.
[Appium] Will require it at /Users/sanju/.appium/node_modules/appium-uiautomator2-driver
[Appium] Requiring driver at /Users/sanju/.appium/node_modules/appium-uiautomator2-driver/build/index.js
&amp#27;[38;5;16m[AppiumDriver@8afa]&amp#27;[0m Appium v2.5.1 creating new AndroidUiautomator2Driver (v3.0.2) session
&amp#27;[38;5;16m[AppiumDriver@8afa]&amp#27;[0m Checking BaseDriver versions for Appium and AndroidUiautomator2Driver
&amp#27;[38;5;16m[AppiumDriver@8afa]&amp#27;[0m Appium's BaseDriver version is 9.5.2
&amp#27;[38;5;16m[AppiumDriver@8afa]&amp#27;[0m AndroidUiautomator2Driver's BaseDriver version is 9.5.2
&amp#27;[38;5;32m[AndroidUiautomator2Driver@19ff]&amp#27;[0m Creating session with W3C capabilities: {
&amp#27;[38;5;32m[AndroidUiautomator2Driver@19ff]&amp#27;[0m   "alwaysMatch": {
&amp#27;[38;5;32m[AndroidUiautomator2Driver@19ff]&amp#27;[0m     "platformName": "ANDROID",
&amp#27;[38;5;32m[AndroidUiautomator2Driver@19ff]&amp#27;[0m     "appium:appActivity": "com.amazon.avod.app.MainActivity",
&amp#27;[38;5;32m[AndroidUiautomator2Driver@19ff]&amp#27;[0m     "appium:deviceName": "2A211FDH300FY5",
&amp#27;[38;5;32m[AndroidUiautomator2Driver@19ff]&amp#27;[0m     "appium:automationName": "UiAutomator2",
&amp#27;[38;5;32m[AndroidUiautomator2Driver@19ff]&amp#27;[0m     "appium:platformVersion": "16",
&amp#27;[38;5;32m[AndroidUiautomator2Driver@19ff]&amp#27;[0m     "appium:appPackage": "com.amazon.avod.thirdpartyclient"
&amp#27;[38;5;32m[AndroidUiautomator2Driver@19ff]&amp#27;[0m   },
&amp#27;[38;5;32m[AndroidUiautomator2Driver@19ff]&amp#27;[0m   "firstMatch": [
&amp#27;[38;5;32m[AndroidUiautomator2Driver@19ff]&amp#27;[0m     {}
&amp#27;[38;5;32m[AndroidUiautomator2Driver@19ff]&amp#27;[0m   ]
&amp#27;[38;5;32m[AndroidUiautomator2Driver@19ff]&amp#27;[0m }
&amp#27;[38;5;32m[AndroidUiautomator2Driver@19ff (95e9bcd9)]&amp#27;[0m Session created with session id: 95e9bcd9-16d7-4909-9850-95b0224278cc
&amp#27;[38;5;48m[ADB]&amp#27;[0m Found 1 'build-tools' folders under '/Users/sanju/Library/Android/sdk' (newest first):
&amp#27;[38;5;48m[ADB]&amp#27;[0m     /Users/sanju/Library/Android/sdk/build-tools/34.0.0
&amp#27;[38;5;48m[ADB]&amp#27;[0m Using 'adb' from '/Users/sanju/Library/Android/sdk/platform-tools/adb'
&amp#27;[38;5;48m[ADB]&amp#27;[0m Running '/Users/sanju/Library/Android/sdk/platform-tools/adb -P 5037 start-server'
&amp#27;[38;5;32m[AndroidUiautomator2Driver@19ff (95e9bcd9)]&amp#27;[0m Retrieving device list
&amp#27;[38;5;48m[ADB]&amp#27;[0m Trying to find connected Android devices
&amp#27;[38;5;48m[ADB]&amp#27;[0m Getting connected devices
&amp#27;[38;5;48m[ADB]&amp#27;[0m Connected devices: [{"udid":"2A211FDH300FY5","state":"device"}]
&amp#27;[38;5;32m[AndroidUiautomator2Driver@19ff (95e9bcd9)]&amp#27;[0m Looking for a device with Android '16.0.0'
&amp#27;[38;5;48m[ADB]&amp#27;[0m Setting device id to 2A211FDH300FY5
&amp#27;[38;5;48m[ADB]&amp#27;[0m Getting device platform version
&amp#27;[38;5;48m[ADB]&amp#27;[0m Running '/Users/sanju/Library/Android/sdk/platform-tools/adb -P 5037 -s 2A211FDH300FY5 shell getprop ro.build.version.release'
&amp#27;[38;5;48m[ADB]&amp#27;[0m Current device property 'ro.build.version.release': 16
&amp#27;[38;5;32m[AndroidUiautomator2Driver@19ff (95e9bcd9)]&amp#27;[0m Using device: 2A211FDH300FY5
&amp#27;[38;5;48m[ADB]&amp#27;[0m Using 'adb' from '/Users/sanju/Library/Android/sdk/platform-tools/adb'
&amp#27;[38;5;48m[ADB]&amp#27;[0m Running '/Users/sanju/Library/Android/sdk/platform-tools/adb -P 5037 start-server'
&amp#27;[38;5;48m[ADB]&amp#27;[0m Setting device id to 2A211FDH300FY5
&amp#27;[38;5;32m[AndroidUiautomator2Driver@19ff (95e9bcd9)]&amp#27;[0m Starting 'com.amazon.avod.thirdpartyclient' directly on the device
&amp#27;[38;5;48m[ADB]&amp#27;[0m Running '/Users/sanju/Library/Android/sdk/platform-tools/adb -P 5037 -s 2A211FDH300FY5 shell getprop ro.build.version.sdk'
&amp#27;[38;5;48m[ADB]&amp#27;[0m Current device property 'ro.build.version.sdk': 36
&amp#27;[38;5;48m[ADB]&amp#27;[0m Getting device platform version
&amp#27;[38;5;48m[ADB]&amp#27;[0m Running '/Users/sanju/Library/Android/sdk/platform-tools/adb -P 5037 -s 2A211FDH300FY5 shell getprop ro.build.version.release'
&amp#27;[38;5;48m[ADB]&amp#27;[0m Current device property 'ro.build.version.release': 16
&amp#27;[38;5;48m[ADB]&amp#27;[0m Device API level: 36
&amp#27;[38;5;32m[AndroidUiautomator2Driver@19ff (95e9bcd9)]&amp#27;[0m Relaxing hidden api policy
&amp#27;[38;5;48m[ADB]&amp#27;[0m Running '/Users/sanju/Library/Android/sdk/platform-tools/adb -P 5037 -s 2A211FDH300FY5 shell 'settings put global hidden_api_policy_pre_p_apps 1;settings put global hidden_api_policy_p_apps 1;settings put global hidden_api_policy 1''
&amp#27;[38;5;32m[AndroidUiautomator2Driver@19ff (95e9bcd9)]&amp#27;[0m No app sent in, not parsing package/activity
&amp#27;[38;5;32m[AndroidUiautomator2Driver@19ff (95e9bcd9)]&amp#27;[0m Pushing settings apk to the device...
&amp#27;[38;5;48m[ADB]&amp#27;[0m Getting package info for 'io.appium.settings'
&amp#27;[38;5;48m[ADB]&amp#27;[0m Running '/Users/sanju/Library/Android/sdk/platform-tools/adb -P 5037 -s 2A211FDH300FY5 shell dumpsys package io.appium.settings'
&amp#27;[38;5;48m[ADB]&amp#27;[0m The version name of the installed 'io.appium.settings' is greater or equal to the application version name ('5.7.6' >= '5.7.6')
&amp#27;[38;5;48m[ADB]&amp#27;[0m There is no need to install/upgrade '/Users/sanju/.appium/node_modules/appium-uiautomator2-driver/node_modules/io.appium.settings/apks/settings_apk-debug.apk'
&amp#27;[38;5;48m[ADB]&amp#27;[0m Running '/Users/sanju/Library/Android/sdk/platform-tools/adb -P 5037 -s 2A211FDH300FY5 shell dumpsys activity services io.appium.settings'
&amp#27;[38;5;32m[AndroidUiautomator2Driver@19ff (95e9bcd9)]&amp#27;[0m io.appium.settings is already running. There is no need to reset its permissions.
&amp#27;[38;5;64m[Logcat]&amp#27;[0m Starting logs capture with command: /Users/sanju/Library/Android/sdk/platform-tools/adb -P 5037 -s 2A211FDH300FY5 logcat -v threadtime
&amp#27;[38;5;48m[ADB]&amp#27;[0m Running '/Users/sanju/Library/Android/sdk/platform-tools/adb -P 5037 -s 2A211FDH300FY5 shell appops set io.appium.settings android:mock_location allow'
&amp#27;[38;5;48m[ADB]&amp#27;[0m Running '/Users/sanju/Library/Android/sdk/platform-tools/adb -P 5037 -s 2A211FDH300FY5 shell "[ -e '/data/local/tmp/mock_apps.json' ] && echo __PASS__"'
&amp#27;[38;5;48m[ADB]&amp#27;[0m Running '/Users/sanju/Library/Android/sdk/platform-tools/adb -P 5037 -s 2A211FDH300FY5 shell cat /data/local/tmp/mock_apps.json'
&amp#27;[38;5;32m[AndroidUiautomator2Driver@19ff (95e9bcd9)]&amp#27;[0m Forwarding UiAutomator2 Server port 6790 to local port 8200
&amp#27;[38;5;48m[ADB]&amp#27;[0m Forwarding system: 8200 to device: 6790
&amp#27;[38;5;48m[ADB]&amp#27;[0m Running '/Users/sanju/Library/Android/sdk/platform-tools/adb -P 5037 -s 2A211FDH300FY5 forward tcp:8200 tcp:6790'
&amp#27;[38;5;32m[AndroidUiautomator2Driver@19ff (95e9bcd9)]&amp#27;[0m No app capability. Assuming it is already on the device
&amp#27;[38;5;48m[ADB]&amp#27;[0m Getting install status for com.amazon.avod.thirdpartyclient
&amp#27;[38;5;48m[ADB]&amp#27;[0m Running '/Users/sanju/Library/Android/sdk/platform-tools/adb -P 5037 -s 2A211FDH300FY5 shell pm path com.amazon.avod.thirdpartyclient'
&amp#27;[38;5;48m[ADB]&amp#27;[0m Checking app cert for /Users/sanju/.appium/node_modules/appium-uiautomator2-driver/node_modules/appium-uiautomator2-server/apks/appium-uiautomator2-server-v7.0.3.apk
&amp#27;[38;5;48m[ADB]&amp#27;[0m Checking app cert for /Users/sanju/.appium/node_modules/appium-uiautomator2-driver/node_modules/appium-uiautomator2-server/apks/appium-uiautomator2-server-debug-androidTest.apk
&amp#27;[38;5;48m[ADB]&amp#27;[0m Using 'apksigner.jar' from '/Users/sanju/Library/Android/sdk/build-tools/34.0.0/lib/apksigner.jar'
&amp#27;[38;5;48m[ADB]&amp#27;[0m Starting apksigner: /Library/Java/JavaVirtualMachines/jdk-21.jdk/Contents/Home/bin/java -Xmx1024M -Xss1m -jar /Users/sanju/Library/Android/sdk/build-tools/34.0.0/lib/apksigner.jar verify --print-certs /Users/sanju/.appium/node_modules/appium-uiautomator2-driver/node_modules/appium-uiautomator2-server/apks/appium-uiautomator2-server-debug-androidTest.apk
&amp#27;[38;5;48m[ADB]&amp#27;[0m 'com.amazon.avod.thirdpartyclient' is installed
&amp#27;[38;5;48m[ADB]&amp#27;[0m Running '/Users/sanju/Library/Android/sdk/platform-tools/adb -P 5037 -s 2A211FDH300FY5 shell am force-stop com.amazon.avod.thirdpartyclient'
&amp#27;[38;5;48m[ADB]&amp#27;[0m Starting apksigner: /Library/Java/JavaVirtualMachines/jdk-21.jdk/Contents/Home/bin/java -Xmx1024M -Xss1m -jar /Users/sanju/Library/Android/sdk/build-tools/34.0.0/lib/apksigner.jar verify --print-certs /Users/sanju/.appium/node_modules/appium-uiautomator2-driver/node_modules/appium-uiautomator2-server/apks/appium-uiautomator2-server-v7.0.3.apk
&amp#27;[38;5;48m[ADB]&amp#27;[0m Running '/Users/sanju/Library/Android/sdk/platform-tools/adb -P 5037 -s 2A211FDH300FY5 shell pm clear com.amazon.avod.thirdpartyclient'
&amp#27;[38;5;48m[ADB]&amp#27;[0m apksigner stdout: Signer #1 certificate DN: EMAILADDRESS=android@android.com, CN=Android, OU=Android, O=Android, L=Mountain View, ST=California, C=US
&amp#27;[38;5;48m[ADB]&amp#27;[0m Signer #1 certificate SHA-256 digest: a40da80a59d170caa950cf15c18c454d47a39b26989d8b640ecd745ba71bf5dc
&amp#27;[38;5;48m[ADB]&amp#27;[0m Signer #1 certificate SHA-1 digest: 61ed377e85d386a8dfee6b864bd85b0bfaa5af81
&amp#27;[38;5;48m[ADB]&amp#27;[0m Signer #1 certificate MD5 digest: e89b158e4bcf988ebd09eb83f5378e87
&amp#27;[38;5;48m[ADB]&amp#27;[0m 
&amp#27;[38;5;48m[ADB]&amp#27;[0m sha256 hash did match for 'appium-uiautomator2-server-debug-androidTest.apk'
&amp#27;[38;5;48m[ADB]&amp#27;[0m '/Users/sanju/.appium/node_modules/appium-uiautomator2-driver/node_modules/appium-uiautomator2-server/apks/appium-uiautomator2-server-debug-androidTest.apk' is signed with the default certificate
&amp#27;[38;5;48m[ADB]&amp#27;[0m Getting install status for io.appium.uiautomator2.server.test
&amp#27;[38;5;48m[ADB]&amp#27;[0m Running '/Users/sanju/Library/Android/sdk/platform-tools/adb -P 5037 -s 2A211FDH300FY5 shell pm path io.appium.uiautomator2.server.test'
&amp#27;[38;5;32m[AndroidUiautomator2Driver@19ff (95e9bcd9)]&amp#27;[0m Performed fast reset on the installed 'com.amazon.avod.thirdpartyclient' application (stop and clear)
&amp#27;[38;5;48m[ADB]&amp#27;[0m 'io.appium.uiautomator2.server.test' is installed
&amp#27;[38;5;48m[ADB]&amp#27;[0m apksigner stdout: Signer #1 certificate DN: EMAILADDRESS=android@android.com, CN=Android, OU=Android, O=Android, L=Mountain View, ST=California, C=US
&amp#27;[38;5;48m[ADB]&amp#27;[0m Signer #1 certificate SHA-256 digest: a40da80a59d170caa950cf15c18c454d47a39b26989d8b640ecd745ba71bf5dc
&amp#27;[38;5;48m[ADB]&amp#27;[0m Signer #1 certificate SHA-1 digest: 61ed377e85d386a8dfee6b864bd85b0bfaa5af81
&amp#27;[38;5;48m[ADB]&amp#27;[0m Signer #1 certificate MD5 digest: e89b158e4bcf988ebd09eb83f5378e87
&amp#27;[38;5;48m[ADB]&amp#27;[0m 
&amp#27;[38;5;48m[ADB]&amp#27;[0m sha256 hash did match for 'appium-uiautomator2-server-v7.0.3.apk'
&amp#27;[38;5;48m[ADB]&amp#27;[0m '/Users/sanju/.appium/node_modules/appium-uiautomator2-driver/node_modules/appium-uiautomator2-server/apks/appium-uiautomator2-server-v7.0.3.apk' is signed with the default certificate
&amp#27;[38;5;48m[ADB]&amp#27;[0m Getting package info for 'io.appium.uiautomator2.server'
&amp#27;[38;5;48m[ADB]&amp#27;[0m Running '/Users/sanju/Library/Android/sdk/platform-tools/adb -P 5037 -s 2A211FDH300FY5 shell dumpsys package io.appium.uiautomator2.server'
&amp#27;[38;5;48m[ADB]&amp#27;[0m The version name of the installed 'io.appium.uiautomator2.server' is greater or equal to the application version name ('7.0.3' >= '7.0.3')
&amp#27;[38;5;32m[AndroidUiautomator2Driver@19ff (95e9bcd9)]&amp#27;[0m Server packages status: [{"wasSigned":true,"installState":"sameVersionInstalled","appPath":"/Users/sanju/.appium/node_modules/appium-uiautomator2-driver/node_modules/appium-uiautomator2-server/apks/appium-uiautomator2-server-v7.0.3.apk","appId":"io.appium.uiautomator2.server"},{"wasSigned":true,"installState":"sameVersionInstalled","appPath":"/Users/sanju/.appium/node_modules/appium-uiautomator2-driver/node_modules/appium-uiautomator2-server/apks/appium-uiautomator2-server-debug-androidTest.apk","appId":"io.appium.uiautomator2.server.test"}]
&amp#27;[38;5;32m[AndroidUiautomator2Driver@19ff (95e9bcd9)]&amp#27;[0m Server packages are not going to be (re)installed
&amp#27;[38;5;32m[AndroidUiautomator2Driver@19ff (95e9bcd9)]&amp#27;[0m Waiting up to 30000ms for services to be available
&amp#27;[38;5;48m[ADB]&amp#27;[0m Running '/Users/sanju/Library/Android/sdk/platform-tools/adb -P 5037 -s 2A211FDH300FY5 shell pm list instrumentation'
&amp#27;[38;5;32m[AndroidUiautomator2Driver@19ff (95e9bcd9)]&amp#27;[0m Instrumentation target 'io.appium.uiautomator2.server.test/androidx.test.runner.AndroidJUnitRunner' is available
&amp#27;[38;5;48m[ADB]&amp#27;[0m Adding packages ["io.appium.settings","io.appium.uiautomator2.server","io.appium.uiautomator2.server.test"] to Doze whitelist
&amp#27;[38;5;48m[ADB]&amp#27;[0m Got the following command chunks to execute: [["dumpsys","deviceidle","whitelist","+io.appium.settings",";","dumpsys","deviceidle","whitelist","+io.appium.uiautomator2.server",";","dumpsys","deviceidle","whitelist","+io.appium.uiautomator2.server.test",";"]]
&amp#27;[38;5;48m[ADB]&amp#27;[0m Running '/Users/sanju/Library/Android/sdk/platform-tools/adb -P 5037 -s 2A211FDH300FY5 shell dumpsys deviceidle whitelist +io.appium.settings ; dumpsys deviceidle whitelist +io.appium.uiautomator2.server ; dumpsys deviceidle whitelist +io.appium.uiautomator2.server.test ;'
&amp#27;[38;5;32m[AndroidUiautomator2Driver@19ff (95e9bcd9)]&amp#27;[0m Performing shallow cleanup of automation leftovers
&amp#27;[38;5;32m[AndroidUiautomator2Driver@19ff (95e9bcd9)]&amp#27;[0m No obsolete sessions have been detected (socket hang up)
&amp#27;[38;5;48m[ADB]&amp#27;[0m Running '/Users/sanju/Library/Android/sdk/platform-tools/adb -P 5037 -s 2A211FDH300FY5 shell am force-stop io.appium.uiautomator2.server.test'
&amp#27;[38;5;32m[AndroidUiautomator2Driver@19ff (95e9bcd9)]&amp#27;[0m Starting UIAutomator2 server 7.0.3
&amp#27;[38;5;32m[AndroidUiautomator2Driver@19ff (95e9bcd9)]&amp#27;[0m Using UIAutomator2 server from '/Users/sanju/.appium/node_modules/appium-uiautomator2-driver/node_modules/appium-uiautomator2-server/apks/appium-uiautomator2-server-v7.0.3.apk' and test from '/Users/sanju/.appium/node_modules/appium-uiautomator2-driver/node_modules/appium-uiautomator2-server/apks/appium-uiautomator2-server-debug-androidTest.apk'
&amp#27;[38;5;32m[AndroidUiautomator2Driver@19ff (95e9bcd9)]&amp#27;[0m Waiting up to 30000ms for UiAutomator2 to be online...
&amp#27;[38;5;48m[ADB]&amp#27;[0m Creating ADB subprocess with args: ["-P","5037","-s","2A211FDH300FY5","shell","am","instrument","-w","-e","disableAnalytics","true","io.appium.uiautomator2.server.test/androidx.test.runner.AndroidJUnitRunner"]
&amp#27;[38;5;32m[AndroidUiautomator2Driver@19ff (95e9bcd9)]&amp#27;[0m Matched '/status' to command name 'getStatus'
&amp#27;[38;5;32m[AndroidUiautomator2Driver@19ff (95e9bcd9)]&amp#27;[0m Proxying [GET /status] to [GET http://127.0.0.1:8200/status] with no body
&amp#27;[38;5;32m[AndroidUiautomator2Driver@19ff (95e9bcd9)]&amp#27;[0m socket hang up
&amp#27;[38;5;32m[AndroidUiautomator2Driver@19ff (95e9bcd9)]&amp#27;[0m Matched '/status' to command name 'getStatus'
&amp#27;[38;5;32m[AndroidUiautomator2Driver@19ff (95e9bcd9)]&amp#27;[0m Proxying [GET /status] to [GET http://127.0.0.1:8200/status] with no body
&amp#27;[38;5;32m[AndroidUiautomator2Driver@19ff (95e9bcd9)]&amp#27;[0m socket hang up
&amp#27;[38;5;80m[Instrumentation]&amp#27;[0m io.appium.uiautomator2.server.test.AppiumUiAutomator2Server:
&amp#27;[38;5;32m[AndroidUiautomator2Driver@19ff (95e9bcd9)]&amp#27;[0m Matched '/status' to command name 'getStatus'
&amp#27;[38;5;32m[AndroidUiautomator2Driver@19ff (95e9bcd9)]&amp#27;[0m Proxying [GET /status] to [GET http://127.0.0.1:8200/status] with no body
&amp#27;[38;5;32m[AndroidUiautomator2Driver@19ff (95e9bcd9)]&amp#27;[0m socket hang up
&amp#27;[38;5;32m[AndroidUiautomator2Driver@19ff (95e9bcd9)]&amp#27;[0m Matched '/status' to command name 'getStatus'
&amp#27;[38;5;32m[AndroidUiautomator2Driver@19ff (95e9bcd9)]&amp#27;[0m Proxying [GET /status] to [GET http://127.0.0.1:8200/status] with no body
&amp#27;[38;5;32m[AndroidUiautomator2Driver@19ff (95e9bcd9)]&amp#27;[0m Got response with status 200: {"sessionId":"None","value":{"message":"UiAutomator2 Server is ready to accept commands","ready":true}}
&amp#27;[38;5;32m[AndroidUiautomator2Driver@19ff (95e9bcd9)]&amp#27;[0m The initialization of the instrumentation process took 3133ms
&amp#27;[38;5;32m[AndroidUiautomator2Driver@19ff (95e9bcd9)]&amp#27;[0m Matched '/session' to command name 'createSession'
&amp#27;[38;5;32m[AndroidUiautomator2Driver@19ff (95e9bcd9)]&amp#27;[0m Proxying [POST /session] to [POST http://127.0.0.1:8200/session] with body: {"capabilities":{"firstMatch":[{"platformName":"ANDROID","appActivity":"com.amazon.avod.app.MainActivity","deviceName":"2A211FDH300FY5","automationName":"UiAutomator2","platformVersion":"16","appPackage":"com.amazon.avod.thirdpartyclient","platform":"LINUX","webStorageEnabled":false,"takesScreenshot":true,"javascriptEnabled":true,"databaseEnabled":false,"networkConnectionEnabled":true,"locationContextEnabled":false,"warnings":{},"desired":{"platformName":"ANDROID","appActivity":"com.amazon.avod.app.MainActivity","deviceName":"2A211FDH300FY5","automationName":"UiAutomator2","platformVersion":"16","appPackage":"com.amazon.avod.thirdpartyclient"},"deviceUDID":"2A211FDH300FY5"}],"alwaysMatch":{}}}
&amp#27;[38;5;32m[AndroidUiautomator2Driver@19ff (95e9bcd9)]&amp#27;[0m Got response with status 200: {"sessionId":"cf6e4f31-04dd-4c65-b472-5f12a885f10a","value":{"capabilities":{"firstMatch":[{"platformName":"ANDROID","appActivity":"com.amazon.avod.app.MainActivity","deviceName":"2A211FDH300FY5","automationName":"UiAutomator2","platformVersion":"16","appPackage":"com.amazon.avod.thirdpartyclient","platform":"LINUX","webStorageEnabled":false,"takesScreenshot":true,"javascriptEnabled":true,"databaseEnabled":false,"networkConnectionEnabled":true,"locationContextEnabled":false,"warnings":{},"desired":{"platformName":"ANDROID","appActivity":"com.amazon.avod.app.MainActivity","deviceName":"2A211FDH300FY5","automationName":"UiAutomator2","platformVersion":"16","appPackage":"com.amazon.avod.thirdpartyclient"},"deviceUDID":"2A211FDH300FY5"}],"alwaysMatch":{}},"sessionId":"cf6e4f31-04dd-4c65-b472-5f12a885f10a"}}
&amp#27;[38;5;32m[AndroidUiautomator2Driver@19ff (95e9bcd9)]&amp#27;[0m Determined the downstream protocol as 'W3C'
&amp#27;[38;5;32m[AndroidUiautomator2Driver@19ff (95e9bcd9)]&amp#27;[0m Proxying [GET /appium/device/pixel_ratio] to [GET http://127.0.0.1:8200/session/cf6e4f31-04dd-4c65-b472-5f12a885f10a/appium/device/pixel_ratio] with no body
&amp#27;[38;5;32m[AndroidUiautomator2Driver@19ff (95e9bcd9)]&amp#27;[0m Matched '/appium/device/system_bars' to command name 'getSystemBars'
&amp#27;[38;5;32m[AndroidUiautomator2Driver@19ff (95e9bcd9)]&amp#27;[0m Proxying [GET /appium/device/system_bars] to [GET http://127.0.0.1:8200/session/cf6e4f31-04dd-4c65-b472-5f12a885f10a/appium/device/system_bars] with no body
&amp#27;[38;5;32m[AndroidUiautomator2Driver@19ff (95e9bcd9)]&amp#27;[0m Matched '/window/current/size' to command name 'getWindowSize'
&amp#27;[38;5;32m[AndroidUiautomator2Driver@19ff (95e9bcd9)]&amp#27;[0m Proxying [GET /window/current/size] to [GET http://127.0.0.1:8200/session/cf6e4f31-04dd-4c65-b472-5f12a885f10a/window/current/size] with no body
&amp#27;[38;5;32m[AndroidUiautomator2Driver@19ff (95e9bcd9)]&amp#27;[0m Proxying [GET /appium/device/info] to [GET http://127.0.0.1:8200/session/cf6e4f31-04dd-4c65-b472-5f12a885f10a/appium/device/info] with no body
&amp#27;[38;5;48m[ADB]&amp#27;[0m Running '/Users/sanju/Library/Android/sdk/platform-tools/adb -P 5037 -s 2A211FDH300FY5 shell dumpsys window'
&amp#27;[38;5;32m[AndroidUiautomator2Driver@19ff (95e9bcd9)]&amp#27;[0m Got response with status 200: {"sessionId":"cf6e4f31-04dd-4c65-b472-5f12a885f10a","value":3.5}
&amp#27;[38;5;32m[AndroidUiautomator2Driver@19ff (95e9bcd9)]&amp#27;[0m Got response with status 200: {"sessionId":"cf6e4f31-04dd-4c65-b472-5f12a885f10a","value":{"height":3120,"width":1440}}
&amp#27;[38;5;32m[AndroidUiautomator2Driver@19ff (95e9bcd9)]&amp#27;[0m Got response with status 200: {"sessionId":"cf6e4f31-04dd-4c65-b472-5f12a885f10a","value":{"statusBar":142}}
&amp#27;[38;5;32m[AndroidUiautomator2Driver@19ff (95e9bcd9)]&amp#27;[0m Got response with status 200: {"sessionId":"cf6e4f31-04dd-4c65-b472-5f12a885f10a","value":{"androidId":"658714096a1cb7bc","apiVersion":"36","bluetooth":{"state":"ON"},"brand":"google","carrierName":"LycaMobile","displayDensity":560,"locale":"en_US_#u-mu-celsius","manufacturer":"Google","model":"Pixel 7 Pro","networks":[{"capabilities":{"SSID":null,"linkDownBandwidthKbps":13891,"linkUpstreamBandwidthKbps":7088,"networkCapabilities":"NET_CAPABILITY_IMS,NET_CAPABILITY_NOT_METERED,NET_CAPABILITY_TRUSTED,NET_CAPABILITY_NOT_VPN,NET_CAPABILITY_VALIDATED,NET_CAPABILITY_NOT_ROAMING,NET_CAPABILITY_FOREGROUND,NET_CAPABILITY_NOT_CONGESTED,NET_CAPABILITY_NOT_SUSPENDED","signalStrength":-2147483648,"transportTypes":"TRANSPORT_CELLULAR"},"detailedState":"CONNECTED","extraInfo":"ims","isAvailable":true,"isConnected":true,"isFailover":false,"isRoaming":false,"state":"CONNECTED","subtype":13,"subtypeName":"LTE","type":0,"typeName":"MOBILE"},{"capabilities":{"SSID":null,"linkDownBandwidthKbps":57438,"linkUpstreamBandwidthKbps":21660,"networkCapabilities"...
&amp#27;[38;5;32m[AndroidUiautomator2Driver@19ff (95e9bcd9)]&amp#27;[0m Screen already unlocked, doing nothing
&amp#27;[38;5;32m[AndroidUiautomator2Driver@19ff (95e9bcd9)]&amp#27;[0m Starting 'com.amazon.avod.thirdpartyclient/com.amazon.avod.app.MainActivity and waiting for 'com.amazon.avod.thirdpartyclient/com.amazon.avod.app.MainActivity'
&amp#27;[38;5;48m[ADB]&amp#27;[0m Running '/Users/sanju/Library/Android/sdk/platform-tools/adb -P 5037 -s 2A211FDH300FY5 shell am start -W -n com.amazon.avod.thirdpartyclient/com.amazon.avod.app.MainActivity -S -a android.intent.action.MAIN -c android.intent.category.LAUNCHER -f 0x10200000'
&amp#27;[38;5;16m[AppiumDriver@8afa]&amp#27;[0m New AndroidUiautomator2Driver session created successfully, session 95e9bcd9-16d7-4909-9850-95b0224278cc added to master session list
&amp#27;[38;5;16m[AppiumDriver@8afa]&amp#27;[0m Event 'newSessionStarted' logged at 1758672377436 (01:06:17 GMT+0100 (British Summer Time))
&amp#27;[38;5;32m[AndroidUiautomator2Driver@19ff (95e9bcd9)]&amp#27;[0m Cached the protocol value 'W3C' for the new session 95e9bcd9-16d7-4909-9850-95b0224278cc
&amp#27;[38;5;32m[AndroidUiautomator2Driver@19ff (95e9bcd9)]&amp#27;[0m Responding to client with driver.createSession() result: {"capabilities":{"platformName":"ANDROID","appActivity":"com.amazon.avod.app.MainActivity","deviceName":"2A211FDH300FY5","automationName":"UiAutomator2","platformVersion":"16","appPackage":"com.amazon.avod.thirdpartyclient","platform":"LINUX","webStorageEnabled":false,"takesScreenshot":true,"javascriptEnabled":true,"databaseEnabled":false,"networkConnectionEnabled":true,"locationContextEnabled":false,"warnings":{},"desired":{"platformName":"ANDROID","appActivity":"com.amazon.avod.app.MainActivity","deviceName":"2A211FDH300FY5","automationName":"UiAutomator2","platformVersion":"16","appPackage":"com.amazon.avod.thirdpartyclient"},"deviceUDID":"2A211FDH300FY5","pixelRatio":"3.5","statBarHeight":142,"viewportRect":{"left":0,"top":142,"width":1440,"height":2978},"deviceApiLevel":36,"deviceManufacturer":"Google","deviceModel":"Pixel 7 Pro","deviceScreenSize":"1440x3120","deviceScreenDensity":560}}
&amp#27;[38;5;0m[HTTP]&amp#27;[0m <-- POST /session 200 5525 ms - 966
&amp#27;[38;5;0m[HTTP]&amp#27;[0m 
&amp#27;[38;5;0m[HTTP]&amp#27;[0m &amp#27;[37m-->&amp#27;[39m &amp#27;[37mPOST&amp#27;[39m &amp#27;[37m/session/95e9bcd9-16d7-4909-9850-95b0224278cc/url&amp#27;[39m
&amp#27;[38;5;0m[HTTP]&amp#27;[0m {"url":"com.amazon.avod.thirdpartyclient/com.amazon.avod.app.MainActivity"}
&amp#27;[38;5;32m[AndroidUiautomator2Driver@19ff (95e9bcd9)]&amp#27;[0m Encountered internal error running command: Error: Url or Uri must start with <scheme>://
&amp#27;[38;5;32m[AndroidUiautomator2Driver@19ff (95e9bcd9)]&amp#27;[0m     at Object.setUrl (/usr/local/lib/node_modules/appium/node_modules/@appium/base-driver/lib/protocol/validators.js:17:13)
&amp#27;[38;5;32m[AndroidUiautomator2Driver@19ff (95e9bcd9)]&amp#27;[0m     at asyncHandler (/usr/local/lib/node_modules/appium/node_modules/@appium/base-driver/lib/protocol/protocol.js:376:33)
&amp#27;[38;5;32m[AndroidUiautomator2Driver@19ff (95e9bcd9)]&amp#27;[0m     at /usr/local/lib/node_modules/appium/node_modules/@appium/base-driver/lib/protocol/protocol.js:518:15
&amp#27;[38;5;32m[AndroidUiautomator2Driver@19ff (95e9bcd9)]&amp#27;[0m     at Layer.handle [as handle_request] (/usr/local/lib/node_modules/appium/node_modules/express/lib/router/layer.js:95:5)
&amp#27;[38;5;32m[AndroidUiautomator2Driver@19ff (95e9bcd9)]&amp#27;[0m     at next (/usr/local/lib/node_modules/appium/node_modules/express/lib/router/route.js:144:13)
&amp#27;[38;5;32m[AndroidUiautomator2Driver@19ff (95e9bcd9)]&amp#27;[0m     at Route.dispatch (/usr/local/lib/node_modules/appium/node_modules/express/lib/router/route.js:114:3)
&amp#27;[38;5;32m[AndroidUiautomator2Driver@19ff (95e9bcd9)]&amp#27;[0m     at Layer.handle [as handle_request] (/usr/local/lib/node_modules/appium/node_modules/express/lib/router/layer.js:95:5)
&amp#27;[38;5;32m[AndroidUiautomator2Driver@19ff (95e9bcd9)]&amp#27;[0m     at /usr/local/lib/node_modules/appium/node_modules/express/lib/router/index.js:284:15
&amp#27;[38;5;32m[AndroidUiautomator2Driver@19ff (95e9bcd9)]&amp#27;[0m     at param (/usr/local/lib/node_modules/appium/node_modules/express/lib/router/index.js:365:14)
&amp#27;[38;5;32m[AndroidUiautomator2Driver@19ff (95e9bcd9)]&amp#27;[0m     at param (/usr/local/lib/node_modules/appium/node_modules/express/lib/router/index.js:376:14)
&amp#27;[38;5;32m[AndroidUiautomator2Driver@19ff (95e9bcd9)]&amp#27;[0m     at Function.process_params (/usr/local/lib/node_modules/appium/node_modules/express/lib/router/index.js:421:3)
&amp#27;[38;5;32m[AndroidUiautomator2Driver@19ff (95e9bcd9)]&amp#27;[0m     at next (/usr/local/lib/node_modules/appium/node_modules/express/lib/router/index.js:280:10)
&amp#27;[38;5;32m[AndroidUiautomator2Driver@19ff (95e9bcd9)]&amp#27;[0m     at logger (/usr/local/lib/node_modules/appium/node_modules/morgan/index.js:144:5)
&amp#27;[38;5;32m[AndroidUiautomator2Driver@19ff (95e9bcd9)]&amp#27;[0m     at Layer.handle [as handle_request] (/usr/local/lib/node_modules/appium/node_modules/express/lib/router/layer.js:95:5)
&amp#27;[38;5;32m[AndroidUiautomator2Driver@19ff (95e9bcd9)]&amp#27;[0m     at trim_prefix (/usr/local/lib/node_modules/appium/node_modules/express/lib/router/index.js:328:13)
&amp#27;[38;5;32m[AndroidUiautomator2Driver@19ff (95e9bcd9)]&amp#27;[0m     at /usr/local/lib/node_modules/appium/node_modules/express/lib/router/index.js:286:9
&amp#27;[38;5;32m[AndroidUiautomator2Driver@19ff (95e9bcd9)]&amp#27;[0m     at Function.process_params (/usr/local/lib/node_modules/appium/node_modules/express/lib/router/index.js:346:12)
&amp#27;[38;5;32m[AndroidUiautomator2Driver@19ff (95e9bcd9)]&amp#27;[0m     at next (/usr/local/lib/node_modules/appium/node_modules/express/lib/router/index.js:280:10)
&amp#27;[38;5;32m[AndroidUiautomator2Driver@19ff (95e9bcd9)]&amp#27;[0m     at /usr/local/lib/node_modules/appium/node_modules/body-parser/lib/read.js:137:5
&amp#27;[38;5;32m[AndroidUiautomator2Driver@19ff (95e9bcd9)]&amp#27;[0m     at AsyncResource.runInAsyncScope (node:async_hooks:206:9)
&amp#27;[38;5;32m[AndroidUiautomator2Driver@19ff (95e9bcd9)]&amp#27;[0m     at invokeCallback (/usr/local/lib/node_modules/appium/node_modules/raw-body/index.js:238:16)
&amp#27;[38;5;32m[AndroidUiautomator2Driver@19ff (95e9bcd9)]&amp#27;[0m     at done (/usr/local/lib/node_modules/appium/node_modules/raw-body/index.js:227:7)
&amp#27;[38;5;32m[AndroidUiautomator2Driver@19ff (95e9bcd9)]&amp#27;[0m     at IncomingMessage.onEnd (/usr/local/lib/node_modules/appium/node_modules/raw-body/index.js:287:7)
&amp#27;[38;5;32m[AndroidUiautomator2Driver@19ff (95e9bcd9)]&amp#27;[0m     at IncomingMessage.emit (node:events:518:28)
&amp#27;[38;5;32m[AndroidUiautomator2Driver@19ff (95e9bcd9)]&amp#27;[0m     at endReadableNT (node:internal/streams/readable:1696:12)
&amp#27;[38;5;32m[AndroidUiautomator2Driver@19ff (95e9bcd9)]&amp#27;[0m     at processTicksAndRejections (node:internal/process/task_queues:82:21)
&amp#27;[38;5;0m[HTTP]&amp#27;[0m <-- POST /session/95e9bcd9-16d7-4909-9850-95b0224278cc/url 500 9 ms - 2888
&amp#27;[38;5;0m[HTTP]&amp#27;[0m 
      &amp#27;[31morg.openqa.selenium.WebDriverException: An unknown server-side error occurred while processing the command. Original error: Url or Uri must start with <scheme>://
Build info: version: '4.35.0', revision: '1c58e5028b'
System info: os.name: 'Mac OS X', os.arch: 'aarch64', os.version: '14.3', java.version: '21.0.2'
Driver info: io.appium.java_client.AppiumDriver
Command: [95e9bcd9-16d7-4909-9850-95b0224278cc, get {url=com.amazon.avod.thirdpartyclient/com.amazon.avod.app.MainActivity}]
Capabilities {appium:appActivity: com.amazon.avod.app.MainAct..., appium:appPackage: com.amazon.avod.thirdpartyc..., appium:automationName: UiAutomator2, appium:databaseEnabled: false, appium:desired: {appActivity: com.amazon.avod.app.MainAct..., appPackage: com.amazon.avod.thirdpartyc..., automationName: UiAutomator2, deviceName: 2A211FDH300FY5, platformName: ANDROID, platformVersion: 16}, appium:deviceApiLevel: 36, appium:deviceManufacturer: Google, appium:deviceModel: Pixel 7 Pro, appium:deviceName: 2A211FDH300FY5, appium:deviceScreenDensity: 560, appium:deviceScreenSize: 1440x3120, appium:deviceUDID: 2A211FDH300FY5, appium:javascriptEnabled: true, appium:locationContextEnabled: false, appium:networkConnectionEnabled: true, appium:pixelRatio: 3.5, appium:platformVersion: 16, appium:statBarHeight: 142, appium:takesScreenshot: true, appium:viewportRect: {height: 2978, left: 0, top: 142, width: 1440}, appium:warnings: {}, appium:webStorageEnabled: false, platformName: ANDROID}
Session ID: 95e9bcd9-16d7-4909-9850-95b0224278cc
	at java.base/jdk.internal.reflect.DirectConstructorHandleAccessor.newInstance(DirectConstructorHandleAccessor.java:62)
	at java.base/java.lang.reflect.Constructor.newInstanceWithCaller(Constructor.java:502)
	at java.base/java.lang.reflect.Constructor.newInstance(Constructor.java:486)
	at org.openqa.selenium.remote.ErrorCodec.decode(ErrorCodec.java:167)
	at org.openqa.selenium.remote.codec.w3c.W3CHttpResponseCodec.decode(W3CHttpResponseCodec.java:138)
	at org.openqa.selenium.remote.codec.w3c.W3CHttpResponseCodec.decode(W3CHttpResponseCodec.java:50)
	at org.openqa.selenium.remote.HttpCommandExecutor.execute(HttpCommandExecutor.java:215)
	at io.appium.java_client.remote.AppiumCommandExecutor.execute(AppiumCommandExecutor.java:243)
	at org.openqa.selenium.remote.RemoteWebDriver.execute(RemoteWebDriver.java:557)
	at org.openqa.selenium.remote.RemoteWebDriver.get(RemoteWebDriver.java:325)
	at com.test.roku.utils.DriverUtils.launchUrl(DriverUtils.java:178)
	at com.test.roku.utils.DriverUtils.initDriver(DriverUtils.java:45)
	at com.test.roku.utils.DriverUtils.getDriver(DriverUtils.java:50)
	at com.test.roku.steps.Hooks.setUp(Hooks.java:30)
&amp#27;[0m
  &amp#27;[36mGiven &amp#27;[0m&amp#27;[36mUser launches the prime Video Application&amp#27;[0m  &amp#27;[90m# com.test.roku.steps.ApplicationLauncher.launchApplication()&amp#27;[0m
  &amp#27;[36mThen &amp#27;[0m&amp#27;[36mUser should be displayed the apps home page&amp#27;[0m &amp#27;[90m# com.test.roku.steps.ApplicationLauncher.userShouldBeDisplayedTheAppsHomePage()&amp#27;[0m
[Appium] Received SIGTERM - shutting down
&amp#27;[38;5;16m[AppiumDriver@8afa]&amp#27;[0m Cleaning up 1 active session
&amp#27;[38;5;16m[AppiumDriver@8afa]&amp#27;[0m Ending session, cause was 'The process has received SIGTERM signal'
&amp#27;[38;5;16m[AppiumDriver@8afa]&amp#27;[0m Removing session '95e9bcd9-16d7-4909-9850-95b0224278cc' from our master session list
&amp#27;[38;5;32m[AndroidUiautomator2Driver@19ff (95e9bcd9)]&amp#27;[0m Deleting UiAutomator2 session
&amp#27;[38;5;32m[AndroidUiautomator2Driver@19ff (95e9bcd9)]&amp#27;[0m Deleting UiAutomator2 server session
&amp#27;[38;5;32m[AndroidUiautomator2Driver@19ff (95e9bcd9)]&amp#27;[0m Matched '/' to command name 'deleteSession'
&amp#27;[38;5;32m[AndroidUiautomator2Driver@19ff (95e9bcd9)]&amp#27;[0m Proxying [DELETE /] to [DELETE http://127.0.0.1:8200/session/cf6e4f31-04dd-4c65-b472-5f12a885f10a] with no body
&amp#27;[38;5;32m[AndroidUiautomator2Driver@19ff (95e9bcd9)]&amp#27;[0m Got response with status 200: {"sessionId":"cf6e4f31-04dd-4c65-b472-5f12a885f10a","value":null}
&amp#27;[38;5;48m[ADB]&amp#27;[0m Running '/Users/sanju/Library/Android/sdk/platform-tools/adb -P 5037 -s 2A211FDH300FY5 shell dumpsys activity services io.appium.settings/.recorder.RecorderService'
&amp#27;[38;5;48m[ADB]&amp#27;[0m Running '/Users/sanju/Library/Android/sdk/platform-tools/adb -P 5037 -s 2A211FDH300FY5 shell am force-stop com.amazon.avod.thirdpartyclient'
&amp#27;[38;5;64m[Logcat]&amp#27;[0m Stopping logcat capture
&amp#27;[38;5;48m[ADB]&amp#27;[0m Removing forwarded port socket connection: 8200 
&amp#27;[38;5;48m[ADB]&amp#27;[0m Running '/Users/sanju/Library/Android/sdk/platform-tools/adb -P 5037 -s 2A211FDH300FY5 forward --remove tcp:8200'
&amp#27;[38;5;32m[AndroidUiautomator2Driver@19ff (95e9bcd9)]&amp#27;[0m Restoring hidden api policy to the device default configuration
&amp#27;[38;5;48m[ADB]&amp#27;[0m Running '/Users/sanju/Library/Android/sdk/platform-tools/adb -P 5037 -s 2A211FDH300FY5 shell 'settings delete global hidden_api_policy_pre_p_apps;settings delete global hidden_api_policy_p_apps;settings delete global hidden_api_policy''
&amp#27;[38;5;80m[Instrumentation]&amp#27;[0m .
&amp#27;[38;5;0m[HTTP]&amp#27;[0m Waiting until the server is closed
&amp#27;[38;5;0m[HTTP]&amp#27;[0m Received server close event
]]></system-out>
    <system-err><![CDATA[SLF4J: Failed to load class "org.slf4j.impl.StaticLoggerBinder".
SLF4J: Defaulting to no-operation (NOP) logger implementation
SLF4J: See http://www.slf4j.org/codes.html#StaticLoggerBinder for further details.
]]></system-err>
  </testcase>
  <testcase name="tearDownClass" classname="runner.TestRunner" time="9.487">
    <failure message="java.io.IOException: HTTP request failed:&#10;&gt; GET https://messages.cucumber.io/api/reports&#10;&lt; HTTP/1.1 400 Bad Request&#10;&lt; Strict-Transport-Security: max-age=31536000&#10;&lt; Server: Netlify&#10;&lt; Cache-Status: &quot;Netlify Edge&quot;; fwd=miss&#10;&lt; Netlify-Vary: query&#10;&lt; X-Amzn-Requestid: 029e577c-9f0f-460e-a71b-bfc33d86432f&#10;&lt; Content-Length: 747&#10;&lt; Age: 0&#10;&lt; Date: Wed, 24 Sep 2025 00:06:18 GMT&#10;&lt; X-Amzn-Trace-Id: Root=1-68d335fa-651631900d2de4730155d450;Parent=6d772104e05bd536;Sampled=0;Lineage=1:33587909:0&#10;&lt; X-Nf-Request-Id: 01K5WGNPJKK8EXKMM7DDGSRX1S&#10;&lt; Content-Type: text/plain; charset=UTF-8&#10;&amp;#27;[31m┌──────────────────────────────────────────────────┐&amp;#27;[39m&#10;&amp;#27;[31m│&amp;#27;[39m Private reports are no longer supported.         &amp;#27;[31m│&amp;#27;[39m&#10;&amp;#27;[31m│&amp;#27;[39m You can still publish anonymous (public) reports &amp;#27;[31m│&amp;#27;[39m&#10;&amp;#27;[31m│&amp;#27;[39m by removing the token from your configuration.   &amp;#27;[31m│&amp;#27;[39m&#10;&amp;#27;[31m│&amp;#27;[39m                                                  &amp;#27;[31m│&amp;#27;[39m&#10;&amp;#27;[31m│&amp;#27;[39m See &amp;#27;[1m&amp;#27;[4m&amp;#27;[36mhttps://reports.cucumber.io/faqs&amp;#27;[39m&amp;#27;[24m&amp;#27;[22m             &amp;#27;[31m│&amp;#27;[39m&#10;&amp;#27;[31m└──────────────────────────────────────────────────┘&amp;#27;[39m" type="java.lang.RuntimeException"><![CDATA[java.lang.RuntimeException: 
java.io.IOException: HTTP request failed:
> GET https://messages.cucumber.io/api/reports
< HTTP/1.1 400 Bad Request
< Strict-Transport-Security: max-age=31536000
< Server: Netlify
< Cache-Status: "Netlify Edge"; fwd=miss
< Netlify-Vary: query
< X-Amzn-Requestid: 029e577c-9f0f-460e-a71b-bfc33d86432f
< Content-Length: 747
< Age: 0
< Date: Wed, 24 Sep 2025 00:06:18 GMT
< X-Amzn-Trace-Id: Root=1-68d335fa-651631900d2de4730155d450;Parent=6d772104e05bd536;Sampled=0;Lineage=1:33587909:0
< X-Nf-Request-Id: 01K5WGNPJKK8EXKMM7DDGSRX1S
< Content-Type: text/plain; charset=UTF-8
&amp#27;[31m┌──────────────────────────────────────────────────┐&amp#27;[39m
&amp#27;[31m│&amp#27;[39m Private reports are no longer supported.         &amp#27;[31m│&amp#27;[39m
&amp#27;[31m│&amp#27;[39m You can still publish anonymous (public) reports &amp#27;[31m│&amp#27;[39m
&amp#27;[31m│&amp#27;[39m by removing the token from your configuration.   &amp#27;[31m│&amp#27;[39m
&amp#27;[31m│&amp#27;[39m                                                  &amp#27;[31m│&amp#27;[39m
&amp#27;[31m│&amp#27;[39m See &amp#27;[1m&amp#27;[4m&amp#27;[36mhttps://reports.cucumber.io/faqs&amp#27;[39m&amp#27;[24m&amp#27;[22m             &amp#27;[31m│&amp#27;[39m
&amp#27;[31m└──────────────────────────────────────────────────┘&amp#27;[39m
	at io.cucumber.core.plugin.MessageFormatter.writeMessage(MessageFormatter.java:34)
	at io.cucumber.core.eventbus.AbstractEventPublisher.send(AbstractEventPublisher.java:51)
	at io.cucumber.core.eventbus.AbstractEventBus.send(AbstractEventBus.java:12)
	at io.cucumber.core.runtime.SynchronizedEventBus.send(SynchronizedEventBus.java:47)
	at io.cucumber.core.runtime.CucumberExecutionContext.emitTestRunFinished(CucumberExecutionContext.java:139)
	at io.cucumber.core.runtime.CucumberExecutionContext.finishTestRun(CucumberExecutionContext.java:118)
	at io.cucumber.testng.TestNGCucumberRunner.finish(TestNGCucumberRunner.java:145)
	at io.cucumber.testng.AbstractTestNGCucumberTests.tearDownClass(AbstractTestNGCucumberTests.java:57)
	at java.base/jdk.internal.reflect.DirectMethodHandleAccessor.invoke(DirectMethodHandleAccessor.java:103)
	at java.base/java.lang.reflect.Method.invoke(Method.java:580)
	at org.testng.internal.invokers.MethodInvocationHelper.invokeMethod(MethodInvocationHelper.java:139)
	at org.testng.internal.invokers.MethodInvocationHelper.invokeMethodConsideringTimeout(MethodInvocationHelper.java:69)
	at org.testng.internal.invokers.ConfigInvoker.invokeConfigurationMethod(ConfigInvoker.java:393)
	at org.testng.internal.invokers.ConfigInvoker.invokeConfigurations(ConfigInvoker.java:326)
	at org.testng.internal.invokers.TestMethodWorker.invokeAfterClassConfigurations(TestMethodWorker.java:229)
	at org.testng.internal.invokers.TestMethodWorker.invokeAfterClassMethods(TestMethodWorker.java:215)
	at org.testng.internal.invokers.TestMethodWorker.run(TestMethodWorker.java:131)
	at java.base/java.util.ArrayList.forEach(ArrayList.java:1596)
	at org.testng.TestRunner.privateRun(TestRunner.java:819)
	at org.testng.TestRunner.run(TestRunner.java:619)
	at org.testng.SuiteRunner.runTest(SuiteRunner.java:443)
	at org.testng.SuiteRunner.runSequentially(SuiteRunner.java:437)
	at org.testng.SuiteRunner.privateRun(SuiteRunner.java:397)
	at org.testng.SuiteRunner.run(SuiteRunner.java:336)
	at org.testng.SuiteRunnerWorker.runSuite(SuiteRunnerWorker.java:52)
	at org.testng.SuiteRunnerWorker.run(SuiteRunnerWorker.java:95)
	at org.testng.TestNG.runSuitesSequentially(TestNG.java:1301)
	at org.testng.TestNG.runSuitesLocally(TestNG.java:1228)
	at org.testng.TestNG.runSuites(TestNG.java:1134)
	at org.testng.TestNG.run(TestNG.java:1101)
	at org.apache.maven.surefire.testng.TestNGExecutor.run(TestNGExecutor.java:155)
	at org.apache.maven.surefire.testng.TestNGDirectoryTestSuite.executeSingleClass(TestNGDirectoryTestSuite.java:102)
	at org.apache.maven.surefire.testng.TestNGDirectoryTestSuite.execute(TestNGDirectoryTestSuite.java:91)
	at org.apache.maven.surefire.testng.TestNGProvider.invoke(TestNGProvider.java:137)
	at org.apache.maven.surefire.booter.ForkedBooter.runSuitesInProcess(ForkedBooter.java:385)
	at org.apache.maven.surefire.booter.ForkedBooter.execute(ForkedBooter.java:162)
	at org.apache.maven.surefire.booter.ForkedBooter.run(ForkedBooter.java:507)
	at org.apache.maven.surefire.booter.ForkedBooter.main(ForkedBooter.java:495)
Caused by: java.io.IOException: HTTP request failed:
> GET https://messages.cucumber.io/api/reports
< HTTP/1.1 400 Bad Request
< Strict-Transport-Security: max-age=31536000
< Server: Netlify
< Cache-Status: "Netlify Edge"; fwd=miss
< Netlify-Vary: query
< X-Amzn-Requestid: 029e577c-9f0f-460e-a71b-bfc33d86432f
< Content-Length: 747
< Age: 0
< Date: Wed, 24 Sep 2025 00:06:18 GMT
< X-Amzn-Trace-Id: Root=1-68d335fa-651631900d2de4730155d450;Parent=6d772104e05bd536;Sampled=0;Lineage=1:33587909:0
< X-Nf-Request-Id: 01K5WGNPJKK8EXKMM7DDGSRX1S
< Content-Type: text/plain; charset=UTF-8
&amp#27;[31m┌──────────────────────────────────────────────────┐&amp#27;[39m
&amp#27;[31m│&amp#27;[39m Private reports are no longer supported.         &amp#27;[31m│&amp#27;[39m
&amp#27;[31m│&amp#27;[39m You can still publish anonymous (public) reports &amp#27;[31m│&amp#27;[39m
&amp#27;[31m│&amp#27;[39m by removing the token from your configuration.   &amp#27;[31m│&amp#27;[39m
&amp#27;[31m│&amp#27;[39m                                                  &amp#27;[31m│&amp#27;[39m
&amp#27;[31m│&amp#27;[39m See &amp#27;[1m&amp#27;[4m&amp#27;[36mhttps://reports.cucumber.io/faqs&amp#27;[39m&amp#27;[24m&amp#27;[22m             &amp#27;[31m│&amp#27;[39m
&amp#27;[31m└──────────────────────────────────────────────────┘&amp#27;[39m
	at io.cucumber.core.plugin.UrlOutputStream.createCurlLikeException(UrlOutputStream.java:150)
	at io.cucumber.core.plugin.UrlOutputStream.getResponseBody(UrlOutputStream.java:135)
	at io.cucumber.core.plugin.UrlOutputStream.sendRequest(UrlOutputStream.java:87)
	at io.cucumber.core.plugin.UrlOutputStream.close(UrlOutputStream.java:65)
	at java.base/sun.nio.cs.StreamEncoder.implClose(StreamEncoder.java:439)
	at java.base/sun.nio.cs.StreamEncoder.lockedClose(StreamEncoder.java:237)
	at java.base/sun.nio.cs.StreamEncoder.close(StreamEncoder.java:228)
	at java.base/java.io.OutputStreamWriter.close(OutputStreamWriter.java:266)
	at io.cucumber.core.plugin.MessageFormatter.writeMessage(MessageFormatter.java:31)
	... 37 more
]]></failure>
  </testcase>
</testsuite>