<?xml version="1.0" encoding="UTF-8"?>
<!-- Generated by org.testng.reporters.JUnitReportReporter -->
<testsuite hostname="Sanjus-Air.Home" failures="0" tests="2" name="runner.TestRunner" time="9.479" errors="2" timestamp="2025-09-24T01:06:18 BST" skipped="0">
  <testcase classname="runner.TestRunner" name="runScenario" time="8.420">
    <error message="An unknown server-side error occurred while processing the command. Original error: Url or Uri must start with &lt;scheme&gt;://
Build info: version: &#039;4.35.0&#039;, revision: &#039;1c58e5028b&#039;
System info: os.name: &#039;Mac OS X&#039;, os.arch: &#039;aarch64&#039;, os.version: &#039;14.3&#039;, java.version: &#039;21.0.2&#039;
Driver info: io.appium.java_client.AppiumDriver
Command: [95e9bcd9-16d7-4909-9850-95b0224278cc, get {url=com.amazon.avod.thirdpartyclient/com.amazon.avod.app.MainActivity}]
Capabilities {appium:appActivity: com.amazon.avod.app.MainAct..., appium:appPackage: com.amazon.avod.thirdpartyc..., appium:automationName: UiAutomator2, appium:databaseEnabled: false, appium:desired: {appActivity: com.amazon.avod.app.MainAct..., appPackage: com.amazon.avod.thirdpartyc..., automationName: UiAutomator2, deviceName: 2A211FDH300FY5, platformName: ANDROID, platformVersion: 16}, appium:deviceApiLevel: 36, appium:deviceManufacturer: Google, appium:deviceModel: Pixel 7 Pro, appium:deviceName: 2A211FDH300FY5, appium:deviceScreenDensity: 560, appium:deviceScreenSize: 1440x3120, appium:deviceUDID: 2A211FDH300FY5, appium:javascriptEnabled: true, appium:locationContextEnabled: false, appium:networkConnectionEnabled: true, appium:pixelRatio: 3.5, appium:platformVersion: 16, appium:statBarHeight: 142, appium:takesScreenshot: true, appium:viewportRect: {height: 2978, left: 0, top: 142, width: 1440}, appium:warnings: {}, appium:webStorageEnabled: false, platformName: ANDROID}
Session ID: 95e9bcd9-16d7-4909-9850-95b0224278cc" type="org.openqa.selenium.WebDriverException">
      <![CDATA[org.openqa.selenium.WebDriverException: An unknown server-side error occurred while processing the command. Original error: Url or Uri must start with <scheme>://
Build info: version: '4.35.0', revision: '1c58e5028b'
System info: os.name: 'Mac OS X', os.arch: 'aarch64', os.version: '14.3', java.version: '21.0.2'
Driver info: io.appium.java_client.AppiumDriver
Command: [95e9bcd9-16d7-4909-9850-95b0224278cc, get {url=com.amazon.avod.thirdpartyclient/com.amazon.avod.app.MainActivity}]
Capabilities {appium:appActivity: com.amazon.avod.app.MainAct..., appium:appPackage: com.amazon.avod.thirdpartyc..., appium:automationName: UiAutomator2, appium:databaseEnabled: false, appium:desired: {appActivity: com.amazon.avod.app.MainAct..., appPackage: com.amazon.avod.thirdpartyc..., automationName: UiAutomator2, deviceName: 2A211FDH300FY5, platformName: ANDROID, platformVersion: 16}, appium:deviceApiLevel: 36, appium:deviceManufacturer: Google, appium:deviceModel: Pixel 7 Pro, appium:deviceName: 2A211FDH300FY5, appium:deviceScreenDensity: 560, appium:deviceScreenSize: 1440x3120, appium:deviceUDID: 2A211FDH300FY5, appium:javascriptEnabled: true, appium:locationContextEnabled: false, appium:networkConnectionEnabled: true, appium:pixelRatio: 3.5, appium:platformVersion: 16, appium:statBarHeight: 142, appium:takesScreenshot: true, appium:viewportRect: {height: 2978, left: 0, top: 142, width: 1440}, appium:warnings: {}, appium:webStorageEnabled: false, platformName: ANDROID}
Session ID: 95e9bcd9-16d7-4909-9850-95b0224278cc
at java.base/jdk.internal.reflect.DirectConstructorHandleAccessor.newInstance(DirectConstructorHandleAccessor.java:62)
at java.base/java.lang.reflect.Constructor.newInstanceWithCaller(Constructor.java:502)
at java.base/java.lang.reflect.Constructor.newInstance(Constructor.java:486)
at org.openqa.selenium.remote.ErrorCodec.decode(ErrorCodec.java:167)
at org.openqa.selenium.remote.codec.w3c.W3CHttpResponseCodec.decode(W3CHttpResponseCodec.java:138)
at org.openqa.selenium.remote.codec.w3c.W3CHttpResponseCodec.decode(W3CHttpResponseCodec.java:50)
at org.openqa.selenium.remote.HttpCommandExecutor.execute(HttpCommandExecutor.java:215)
at io.appium.java_client.remote.AppiumCommandExecutor.execute(AppiumCommandExecutor.java:243)
at org.openqa.selenium.remote.RemoteWebDriver.execute(RemoteWebDriver.java:557)
at org.openqa.selenium.remote.RemoteWebDriver.get(RemoteWebDriver.java:325)
at com.test.roku.utils.DriverUtils.launchUrl(DriverUtils.java:178)
at com.test.roku.utils.DriverUtils.initDriver(DriverUtils.java:45)
at com.test.roku.utils.DriverUtils.getDriver(DriverUtils.java:50)
at com.test.roku.steps.Hooks.setUp(Hooks.java:30)
]]>
    </error>
  </testcase> <!-- runScenario -->
  <testcase classname="runner.TestRunner" name="tearDownClass" time="1.059">
    <error message="java.io.IOException: HTTP request failed:
&gt; GET https://messages.cucumber.io/api/reports
&lt; HTTP/1.1 400 Bad Request
&lt; Strict-Transport-Security: max-age=31536000
&lt; Server: Netlify
&lt; Cache-Status: &quot;Netlify Edge&quot;; fwd=miss
&lt; Netlify-Vary: query
&lt; X-Amzn-Requestid: 029e577c-9f0f-460e-a71b-bfc33d86432f
&lt; Content-Length: 747
&lt; Age: 0
&lt; Date: Wed, 24 Sep 2025 00:06:18 GMT
&lt; X-Amzn-Trace-Id: Root=1-68d335fa-651631900d2de4730155d450;Parent=6d772104e05bd536;Sampled=0;Lineage=1:33587909:0
&lt; X-Nf-Request-Id: 01K5WGNPJKK8EXKMM7DDGSRX1S
&lt; Content-Type: text/plain; charset=UTF-8
[31m┌──────────────────────────────────────────────────┐[39m
[31m│[39m Private reports are no longer supported.         [31m│[39m
[31m│[39m You can still publish anonymous (public) reports [31m│[39m
[31m│[39m by removing the token from your configuration.   [31m│[39m
[31m│[39m                                                  [31m│[39m
[31m│[39m See [1m[4m[36mhttps://reports.cucumber.io/faqs[39m[24m[22m             [31m│[39m
[31m└──────────────────────────────────────────────────┘[39m" type="java.lang.RuntimeException">
      <![CDATA[java.lang.RuntimeException: java.io.IOException: HTTP request failed:
> GET https://messages.cucumber.io/api/reports
< HTTP/1.1 400 Bad Request
< Strict-Transport-Security: max-age=31536000
< Server: Netlify
< Cache-Status: "Netlify Edge"; fwd=miss
< Netlify-Vary: query
< X-Amzn-Requestid: 029e577c-9f0f-460e-a71b-bfc33d86432f
< Content-Length: 747
< Age: 0
< Date: Wed, 24 Sep 2025 00:06:18 GMT
< X-Amzn-Trace-Id: Root=1-68d335fa-651631900d2de4730155d450;Parent=6d772104e05bd536;Sampled=0;Lineage=1:33587909:0
< X-Nf-Request-Id: 01K5WGNPJKK8EXKMM7DDGSRX1S
< Content-Type: text/plain; charset=UTF-8
[31m┌──────────────────────────────────────────────────┐[39m
[31m│[39m Private reports are no longer supported.         [31m│[39m
[31m│[39m You can still publish anonymous (public) reports [31m│[39m
[31m│[39m by removing the token from your configuration.   [31m│[39m
[31m│[39m                                                  [31m│[39m
[31m│[39m See [1m[4m[36mhttps://reports.cucumber.io/faqs[39m[24m[22m             [31m│[39m
[31m└──────────────────────────────────────────────────┘[39m
at io.cucumber.core.plugin.MessageFormatter.writeMessage(MessageFormatter.java:34)
at io.cucumber.core.eventbus.AbstractEventPublisher.send(AbstractEventPublisher.java:51)
at io.cucumber.core.eventbus.AbstractEventBus.send(AbstractEventBus.java:12)
at io.cucumber.core.runtime.SynchronizedEventBus.send(SynchronizedEventBus.java:47)
at io.cucumber.core.runtime.CucumberExecutionContext.emitTestRunFinished(CucumberExecutionContext.java:139)
at io.cucumber.core.runtime.CucumberExecutionContext.finishTestRun(CucumberExecutionContext.java:118)
at io.cucumber.testng.TestNGCucumberRunner.finish(TestNGCucumberRunner.java:145)
at io.cucumber.testng.AbstractTestNGCucumberTests.tearDownClass(AbstractTestNGCucumberTests.java:57)
at java.base/jdk.internal.reflect.DirectMethodHandleAccessor.invoke(DirectMethodHandleAccessor.java:103)
at java.base/java.lang.reflect.Method.invoke(Method.java:580)
at org.testng.internal.invokers.MethodInvocationHelper.invokeMethod(MethodInvocationHelper.java:139)
at org.testng.internal.invokers.MethodInvocationHelper.invokeMethodConsideringTimeout(MethodInvocationHelper.java:69)
at org.testng.internal.invokers.ConfigInvoker.invokeConfigurationMethod(ConfigInvoker.java:393)
at org.testng.internal.invokers.ConfigInvoker.invokeConfigurations(ConfigInvoker.java:326)
at org.testng.internal.invokers.TestMethodWorker.invokeAfterClassConfigurations(TestMethodWorker.java:229)
at org.testng.internal.invokers.TestMethodWorker.invokeAfterClassMethods(TestMethodWorker.java:215)
at org.testng.internal.invokers.TestMethodWorker.run(TestMethodWorker.java:131)
at java.base/java.util.ArrayList.forEach(ArrayList.java:1596)
at org.testng.TestRunner.privateRun(TestRunner.java:819)
at org.testng.TestRunner.run(TestRunner.java:619)
at org.testng.SuiteRunner.runTest(SuiteRunner.java:443)
at org.testng.SuiteRunner.runSequentially(SuiteRunner.java:437)
at org.testng.SuiteRunner.privateRun(SuiteRunner.java:397)
at org.testng.SuiteRunner.run(SuiteRunner.java:336)
at org.testng.SuiteRunnerWorker.runSuite(SuiteRunnerWorker.java:52)
at org.testng.SuiteRunnerWorker.run(SuiteRunnerWorker.java:95)
at org.testng.TestNG.runSuitesSequentially(TestNG.java:1301)
at org.testng.TestNG.runSuitesLocally(TestNG.java:1228)
at org.testng.TestNG.runSuites(TestNG.java:1134)
at org.testng.TestNG.run(TestNG.java:1101)
at org.apache.maven.surefire.testng.TestNGExecutor.run(TestNGExecutor.java:155)
at org.apache.maven.surefire.testng.TestNGDirectoryTestSuite.executeSingleClass(TestNGDirectoryTestSuite.java:102)
at org.apache.maven.surefire.testng.TestNGDirectoryTestSuite.execute(TestNGDirectoryTestSuite.java:91)
at org.apache.maven.surefire.testng.TestNGProvider.invoke(TestNGProvider.java:137)
at org.apache.maven.surefire.booter.ForkedBooter.runSuitesInProcess(ForkedBooter.java:385)
at org.apache.maven.surefire.booter.ForkedBooter.execute(ForkedBooter.java:162)
at org.apache.maven.surefire.booter.ForkedBooter.run(ForkedBooter.java:507)
at org.apache.maven.surefire.booter.ForkedBooter.main(ForkedBooter.java:495)
Caused by: java.io.IOException: HTTP request failed:
> GET https://messages.cucumber.io/api/reports
< HTTP/1.1 400 Bad Request
< Strict-Transport-Security: max-age=31536000
< Server: Netlify
< Cache-Status: "Netlify Edge"; fwd=miss
< Netlify-Vary: query
< X-Amzn-Requestid: 029e577c-9f0f-460e-a71b-bfc33d86432f
< Content-Length: 747
< Age: 0
< Date: Wed, 24 Sep 2025 00:06:18 GMT
< X-Amzn-Trace-Id: Root=1-68d335fa-651631900d2de4730155d450;Parent=6d772104e05bd536;Sampled=0;Lineage=1:33587909:0
< X-Nf-Request-Id: 01K5WGNPJKK8EXKMM7DDGSRX1S
< Content-Type: text/plain; charset=UTF-8
[31m┌──────────────────────────────────────────────────┐[39m
[31m│[39m Private reports are no longer supported.         [31m│[39m
[31m│[39m You can still publish anonymous (public) reports [31m│[39m
[31m│[39m by removing the token from your configuration.   [31m│[39m
[31m│[39m                                                  [31m│[39m
[31m│[39m See [1m[4m[36mhttps://reports.cucumber.io/faqs[39m[24m[22m             [31m│[39m
[31m└──────────────────────────────────────────────────┘[39m
at io.cucumber.core.plugin.UrlOutputStream.createCurlLikeException(UrlOutputStream.java:150)
at io.cucumber.core.plugin.UrlOutputStream.getResponseBody(UrlOutputStream.java:135)
at io.cucumber.core.plugin.UrlOutputStream.sendRequest(UrlOutputStream.java:87)
at io.cucumber.core.plugin.UrlOutputStream.close(UrlOutputStream.java:65)
at java.base/sun.nio.cs.StreamEncoder.implClose(StreamEncoder.java:439)
at java.base/sun.nio.cs.StreamEncoder.lockedClose(StreamEncoder.java:237)
at java.base/sun.nio.cs.StreamEncoder.close(StreamEncoder.java:228)
at java.base/java.io.OutputStreamWriter.close(OutputStreamWriter.java:266)
at io.cucumber.core.plugin.MessageFormatter.writeMessage(MessageFormatter.java:31)
... 37 more
]]>
    </error>
  </testcase> <!-- tearDownClass -->
</testsuite> <!-- runner.TestRunner -->
